#
# A fatal error has been detected by the Java Runtime Environment:
#
#  EXCEPTION_ACCESS_VIOLATION (0xc0000005) at pc=0x00007ffedaf6be01, pid=20424, tid=23828
#
# JRE version: OpenJDK Runtime Environment (23.0+37) (build 23+37-2369)
# Java VM: OpenJDK 64-Bit Server VM (23+37-2369, mixed mode, sharing, tiered, compressed oops, compressed class ptrs, g1 gc, windows-amd64)
# Problematic frame:
# C  [awt.dll+0xdbe01]
#
# No core dump will be written. Minidumps are not enabled by default on client versions of Windows
#
# If you would like to submit a bug report, please visit:
#   https://bugreport.java.com/bugreport/crash.jsp
# The crash happened outside the Java Virtual Machine in native code.
# See problematic frame for where to report the bug.
#

---------------  S U M M A R Y ------------

Command Line: -javaagent:C:\Program Files\JetBrains\IntelliJ IDEA 2024.2.1\lib\idea_rt.jar=59417:C:\Program Files\JetBrains\IntelliJ IDEA 2024.2.1\bin -Dfile.encoding=UTF-8 -Dsun.stdout.encoding=UTF-8 -Dsun.stderr.encoding=UTF-8 Main

Host: 12th Gen Intel(R) Core(TM) i7-1260P, 16 cores, 15G,  Windows 11 , 64 bit Build 26100 (10.0.26100.3912)
Time: Sun Apr 27 13:51:00 2025 Paris, Madrid (heure duild 26100 (10.0.26100.3912) elapsed time: 393.922289 seconds (0d 0h 6m 33s)

---------------  T H R E A D  ---------------

Current thread (0x00000254454558b0):  JavaThread "AWT-Windows" daemon [_thread_in_native, id=23828, stack(0x0000007ee8e00000,0x0000007ee8f00000) (1024K)]

Stack: [0x0000007ee8e00000,0x0000007ee8f00000],  sp=0x0000007ee8efe9c0,  free space=1018k
Native frames: (J=compiled Java code, j=interpreted, Vv=VM code, C=native code)
C  [awt.dll+0xdbe01]  (no source info available)
C  [awt.dll+0x9783c]  (no source info available)
C  [awt.dll+0x978e6]  (no source info available)
C  [awt.dll+0x94cb6]  (no source info available)
C  [awt.dll+0xe0f8c]  (no source info available)
C  [awt.dll+0xb0d3d]  (no source info available)
C  [awt.dll+0x97e1d]  (no source info available)
C  [USER32.dll+0xe83a]  (no source info available)
C  [USER32.dll+0xe28f]  (no source info available)
C  [awt.dll+0x161c3]  (no source info available)
C  [COMCTL32.dll+0x24d18]  (no source info available)
C  [COMCTL32.dll+0x24aef]  (no source info available)
C  [USER32.dll+0xe83a]  (no source info available)
C  [USER32.dll+0x2ccb2]  (no source info available)
C  [awt.dll+0xd530e]  (no source info available)
C  [awt.dll+0xd7242]  (no source info available)
C  0x000002545f2bd207  (no source info available)

The last pc belongs to native method entry point (kind = native) (printed below).
Java frames: (J=compiled Java code, j=interpreted, Vv=VM code)
j  sun.awt.windows.WToolkit.eventLoop()V+0 java.desktop@23
j  sun.awt.windows.WToolkit.run()V+50 java.desktop@23
j  java.lang.Thread.runWith(Ljava/lang/Object;Ljava/lang/Runnable;)V+5 java.base@23
j  java.lang.Thread.run()V+19 java.base@23
v  ~StubRoutines::call_stub 0x000002545f2b0fcd

siginfo: EXCEPTION_ACCESS_VIOLATION (0xc0000005), reading address 0x0000000000000008


Registers:
RAX=0x0000000000000000, RBX=0x0000025447bd9770, RCX=0x0000000000000000, RDX=0x0000000000000000
RSP=0x0000007ee8efe9c0, RBP=0x0000007ee8efeac9, RSI=0xffffffffb6011cdb, RDI=0x0000000000000000
R8 =0x0000000000000001, R9 =0x0000007ee7117000, R10=0x0000000000000000, R11=0x0000000000000246
R12=0x0000000000000000, R13=0x0000000000000310, R14=0x0000000000000000, R15=0x0000000000000000
RIP=0x00007ffedaf6be01, EFLAGS=0x0000000000010246


Register to memory mapping:

RAX=0x0 is null
RBX=0x0000025447bd9770 points into unknown readable memory: 0x00000254488daee0 | e0 ae 8d 48 54 02 00 00
RCX=0x0 is null
RDX=0x0 is null
RSP=0x0000007ee8efe9c0 is pointing into the stack for thread: 0x00000254454558b0
RBP=0x0000007ee8efeac9 is pointing into the stack for thread: 0x00000254454558b0
RSI=0xffffffffb6011cdb is an unknown value
RDI=0x0 is null
R8 =0x0000000000000001 is an unknown value
R9 =0x0000007ee7117000 points into unknown readable memory: 0x0000000000000000 | 00 00 00 00 00 00 00 00
R10=0x0 is null
R11=0x0000000000000246 is an unknown value
R12=0x0 is null
R13=0x0000000000000310 is an unknown value
R14=0x0 is null
R15=0x0 is null

Top of Stack: (sp=0x0000007ee8efe9c0)
0x0000007ee8efe9c0:   00007ffedafc9838 ffffffffb6011cdb
0x0000007ee8efe9d0:   0000000000000000 0000000000000000
0x0000007ee8efe9e0:   0000000000000000 00007ffedaf2783c
0x0000007ee8efe9f0:   ffffffffb6011cdb 00000254474d2d00
0x0000007ee8efea00:   0000025447bd9770 0000000000000000
0x0000007ee8efea10:   0000000000000000 00007ffedaf278e6
0x0000007ee8efea20:   00000254474d2d00 00007ffedae90000
0x0000007ee8efea30:   0000007ee8efeb28 00007fff22ce4d18
0x0000007ee8efea40:   0000000000000000 00007ffedaf24cb6
0x0000007ee8efea50:   00000254474d2d00 0000000000000000
0x0000007ee8efea60:   00007ffedaf27dc0 00007fff3dd93ffe
0x0000007ee8efea70:   0000000000000000 000000000000c353
0x0000007ee8efea80:   0000007ee8efeb20 0000000000000001
0x0000007ee8efea90:   0000000000000000 0000007ee8efeb28
0x0000007ee8efeaa0:   0000000000000000 0000000000000000
0x0000007ee8efeab0:   0000000000000000 0000025445455c70
0x0000007ee8efeac0:   00000254474d2da0 0000000000000000
0x0000007ee8efead0:   0000000000000000 0000d4a9c616aec0
0x0000007ee8efeae0:   0000000000000000 0000000000000000
0x0000007ee8efeaf0:   0000000000000000 0000000000000000
0x0000007ee8efeb00:   0000000000000000 0000000000000310
0x0000007ee8efeb10:   0000000000000000 00000254474d2d00
0x0000007ee8efeb20:   00000254474d2d00 00007ffedaf70f8c
0x0000007ee8efeb30:   0000000000000000 000025ea1a678307
0x0000007ee8efeb40:   0000eb4074210be8 00000000001b04ac
0x0000007ee8efeb50:   000000000000c353 0000000000000022
0x0000007ee8efeb60:   0000000000000000 00007fff3d3ce8fb
0x0000007ee8efeb70:   0000000000000022 0000000000000001
0x0000007ee8efeb80:   00000000001b04ac 00007fff3de088cf
0x0000007ee8efeb90:   0000000000000310 00007fff3d3ceeda
0x0000007ee8efeba0:   ffffffffffffffeb 0000d4a9c616afa0
0x0000007ee8efebb0:   000002544dadf300 0000000000000000 

Instructions: (pc=0x00007ffedaf6be01)
0x00007ffedaf6bd01:   83 ec 28 66 0f 6e c2 0f 5b c0 f3 0f 59 41 48 0f
0x00007ffedaf6bd11:   5a c8 f2 0f 10 05 bd 4e 03 00 f2 0f 5c 0d e5 4e
0x00007ffedaf6bd21:   01 00 66 0f 2f c1 76 0a b8 00 00 00 80 48 83 c4
0x00007ffedaf6bd31:   28 c3 66 0f 2f 0d 65 98 02 00 76 0a b8 ff ff ff
0x00007ffedaf6bd41:   7f 48 83 c4 28 c3 0f 28 c1 e8 af 0e 01 00 f2 0f
0x00007ffedaf6bd51:   2c c0 48 83 c4 28 c3 cc cc cc cc cc cc cc cc 48
0x00007ffedaf6bd61:   83 ec 28 66 0f 6e c2 0f 5b c0 f3 0f 59 41 4c 0f
0x00007ffedaf6bd71:   5a c8 f2 0f 10 05 5d 4e 03 00 f2 0f 5c 0d 85 4e
0x00007ffedaf6bd81:   01 00 66 0f 2f c1 76 0a b8 00 00 00 80 48 83 c4
0x00007ffedaf6bd91:   28 c3 66 0f 2f 0d 05 98 02 00 76 0a b8 ff ff ff
0x00007ffedaf6bda1:   7f 48 83 c4 28 c3 0f 28 c1 e8 4f 0e 01 00 f2 0f
0x00007ffedaf6bdb1:   2c c0 48 83 c4 28 c3 cc cc cc cc cc cc cc cc 48
0x00007ffedaf6bdc1:   8b 49 08 48 85 c9 0f 85 b3 7c fe ff 33 c0 c3 48
0x00007ffedaf6bdd1:   89 5c 24 08 48 89 74 24 10 57 48 83 ec 20 8b fa
0x00007ffedaf6bde1:   48 8b f1 e8 b7 be f4 ff 48 8b d8 48 89 44 24 40
0x00007ffedaf6bdf1:   41 b8 01 00 00 00 8b d7 48 8b c8 e8 1f be f4 ff
0x00007ffedaf6be01:   48 8b 48 08 48 85 c9 74 0d 48 8b d6 e8 6e 7c fe
0x00007ffedaf6be11:   ff 48 8b f8 eb 02 33 ff 48 8b cb e8 3f c0 f4 ff
0x00007ffedaf6be21:   90 48 8b c7 48 8b 5c 24 30 48 8b 74 24 38 48 83
0x00007ffedaf6be31:   c4 20 5f c3 cc cc cc cc cc cc cc cc cc cc cc 48
0x00007ffedaf6be41:   8b 01 89 10 c3 cc cc cc cc cc cc cc cc cc cc 40
0x00007ffedaf6be51:   57 48 83 ec 40 48 83 79 38 00 48 8b f9 0f 84 96
0x00007ffedaf6be61:   01 00 00 48 8b 0d b5 9f 06 00 ba 02 00 01 00 48
0x00007ffedaf6be71:   89 5c 24 58 48 89 74 24 68 e8 40 d8 00 00 4c 8b
0x00007ffedaf6be81:   05 12 a5 06 00 48 8b c8 48 8b 57 38 48 8b d8 4c
0x00007ffedaf6be91:   8b 08 41 ff 91 f8 02 00 00 48 8b f0 48 85 c0 0f
0x00007ffedaf6bea1:   84 4a 01 00 00 4c 8b 0b 48 8b d0 4c 8b 05 d5 a4
0x00007ffedaf6beb1:   06 00 48 8b cb 41 ff 91 00 01 00 00 84 c0 0f 84
0x00007ffedaf6bec1:   2b 01 00 00 48 8b 7f 08 48 8b d6 48 8b 03 48 8b
0x00007ffedaf6bed1:   cb 4c 8b 05 c7 a4 06 00 48 81 c7 00 04 00 00 48
0x00007ffedaf6bee1:   89 6c 24 60 4c 89 64 24 38 ff 90 f8 02 00 00 4c
0x00007ffedaf6bef1:   8b 0b 48 8b d6 4c 8b 05 ab a4 06 00 48 8b cb 4c 


Stack slot to memory mapping:

stack at sp + 0 slots: 0x00007ffedafc9838 awt.dll
stack at sp + 1 slots: 0xffffffffb6011cdb is an unknown value
stack at sp + 2 slots: 0x0 is null
stack at sp + 3 slots: 0x0 is null
stack at sp + 4 slots: 0x0 is null
stack at sp + 5 slots: 0x00007ffedaf2783c awt.dll
stack at sp + 6 slots: 0xffffffffb6011cdb is an unknown value
stack at sp + 7 slots: 0x00000254474d2d00 points into unknown readable memory: 0x00007ffedaf9c860 | 60 c8 f9 da fe 7f 00 00

Lock stack of current Java thread (top to bottom):

native method entry point (kind = native)  [0x000002545f2bcde0, 0x000002545f2bd938]  2904 bytes
[MachCode]
  0x000002545f2bcde0: 488b 4b08 | 0fb7 492e | 584c 8d74 | ccf8 6800 | 0000 0068 | 0000 0000 | 5055 488b | ec41 5568 
  0x000002545f2bce00: 0000 0000 | 4c8b 6b08 | 4d8d 6d38 | 5348 8b53 | 0848 8b52 | 0848 8b52 | 1848 8b52 | 7048 8b12 
  0x000002545f2bce20: 5248 8b53 | 1048 85d2 | 0f84 0700 | 0000 4881 | c210 0100 | 0052 488b | 5308 488b | 5208 488b 
  0x000002545f2bce40: 5210 5249 | 8bc6 482b | c548 c1e8 | 0350 6800 | 0000 0068 | f7ff ffff | 41c6 8771 | 0400 0001 
  0x000002545f2bce60: 488b 4310 | 4885 c074 | 208b 88cc | 0000 0083 | c102 8988 | cc00 0000 | 2388 e000 | 0000 0f84 
  0x000002545f2bce80: 000a 0000 | e9cf 0000 | 0048 8b43 | 1848 85c0 | 0f85 b000 | 0000 e805 | 0000 00e9 | 9900 0000 
  0x000002545f2bcea0: 488b d348 | 8d44 2408 | 4c89 6dc0 | 498b cfc5 | f877 4989 | afb0 0300 | 0049 8987 | a003 0000 
  0x000002545f2bcec0: 4883 ec20 | 40f6 c40f | 0f84 1900 | 0000 4883 | ec08 48b8 | 9026 d3ce | fe7f 0000 | ffd0 4883 
  0x000002545f2bcee0: c408 e90c | 0000 0048 | b890 26d3 | cefe 7f00 | 00ff d048 | 83c4 2049 | c787 a003 | 0000 0000 
  0x000002545f2bcf00: 0000 49c7 | 87b0 0300 | 0000 0000 | 0049 c787 | a803 0000 | 0000 0000 | c5f8 7749 | 837f 0800 
  0x000002545f2bcf20: 0f84 0500 | 0000 e995 | 3fff ff4c | 8b6d c04c | 8b75 c84e | 8d74 f500 | c348 8b43 | 1848 85c0 
  0x000002545f2bcf40: 0f84 1200 | 0000 8b48 | 0883 c102 | 8948 0823 | 481c 0f84 | 2c09 0000 | 493b a7e8 | 0400 000f 
  0x000002545f2bcf60: 8748 0000 | 0089 8424 | 00f0 ffff | 8984 2400 | e0ff ff89 | 8424 00d0 | ffff 8984 | 2400 c0ff 
  0x000002545f2bcf80: ff89 8424 | 00b0 ffff | 8984 2400 | a0ff ff89 | 8424 0090 | ffff 8984 | 2400 80ff | ff49 3ba7 
  0x000002545f2bcfa0: e004 0000 | 7607 4989 | a7e8 0400 | 0041 c687 | 7104 0000 | 0049 ba41 | ad5a cffe | 7f00 0041 
  0x000002545f2bcfc0: 803a 000f | 843e 0000 | 0048 8b55 | e849 8bcf | 4883 ec20 | 40f6 c40f | 0f84 1900 | 0000 4883 
  0x000002545f2bcfe0: ec08 48b8 | 00ee 0acf | fe7f 0000 | ffd0 4883 | c408 e90c | 0000 0048 | b800 ee0a | cffe 7f00 
  0x000002545f2bd000: 00ff d048 | 83c4 2048 | 8b5d e84c | 8b5b 0845 | 0fb7 5b2e | 41c1 e303 | 492b e348 | 83ec 2048 
  0x000002545f2bd020: 83e4 f04c | 8b5b 604d | 85db 0f85 | ab00 0000 | e805 0000 | 00e9 9900 | 0000 488b | d348 8d44 
  0x000002545f2bd040: 2408 4c89 | 6dc0 498b | cfc5 f877 | 4989 afb0 | 0300 0049 | 8987 a003 | 0000 4883 | ec20 40f6 
  0x000002545f2bd060: c40f 0f84 | 1900 0000 | 4883 ec08 | 48b8 f04d | d3ce fe7f | 0000 ffd0 | 4883 c408 | e90c 0000 
  0x000002545f2bd080: 0048 b8f0 | 4dd3 cefe | 7f00 00ff | d048 83c4 | 2049 c787 | a003 0000 | 0000 0000 | 49c7 87b0 
  0x000002545f2bd0a0: 0300 0000 | 0000 0049 | c787 a803 | 0000 0000 | 0000 c5f8 | 7749 837f | 0800 0f84 | 0500 0000 
  0x000002545f2bd0c0: e9fb 3dff | ff4c 8b6d | c04c 8b75 | c84e 8d74 | f500 c348 | 8b5d e84c | 8b5b 6041 | ffd3 488b 
  0x000002545f2bd0e0: 5de8 4889 | 4518 448b | 5b28 41f6 | c308 0f84 | 1b00 0000 | 4c8b 5b08 | 4d8b 5b08 | 4d8b 5b18 
  0x000002545f2bd100: 4d8b 5b70 | 4d8b 1b4c | 895d 1048 | 8d55 1048 | 8b43 5849 | ba50 3c0b | cffe 7f00 | 0049 3bc2 
  0x000002545f2bd120: 0f85 ab00 | 0000 e805 | 0000 00e9 | 9900 0000 | 488b d348 | 8d44 2408 | 4c89 6dc0 | 498b cfc5 
  0x000002545f2bd140: f877 4989 | afb0 0300 | 0049 8987 | a003 0000 | 4883 ec20 | 40f6 c40f | 0f84 1900 | 0000 4883 
  0x000002545f2bd160: ec08 48b8 | f04d d3ce | fe7f 0000 | ffd0 4883 | c408 e90c | 0000 0048 | b8f0 4dd3 | cefe 7f00 
  0x000002545f2bd180: 00ff d048 | 83c4 2049 | c787 a003 | 0000 0000 | 0000 49c7 | 87b0 0300 | 0000 0000 | 0049 c787 
  0x000002545f2bd1a0: a803 0000 | 0000 0000 | c5f8 7749 | 837f 0800 | 0f84 0500 | 0000 e905 | 3dff ff4c | 8b6d c04c 
  0x000002545f2bd1c0: 8b75 c84e | 8d74 f500 | c348 8b5d | e848 8b43 | 5849 8d8f | c003 0000 | c5f8 7749 | 89af b003 
  0x000002545f2bd1e0: 0000 49ba | d8d1 2b5f | 5402 0000 | 4d89 97a8 | 0300 0049 | 89a7 a003 | 0000 41c7 | 8744 0400 
  0x000002545f2bd200: 0004 0000 | 00ff d0c5 | f877 4883 | ec10 c5fb | 1104 2448 | 83ec 1048 | 8904 2448 | c744 2408 
  0x000002545f2bd220: 0000 0000 | 41c7 8744 | 0400 0005 | 0000 00f0 | 8344 24c0 | 0049 3baf | 4804 0000 | 0f87 0e00 
  0x000002545f2bd240: 0000 4183 | bf40 0400 | 0000 0f84 | 2000 0000 | 498b cf4c | 8be4 4883 | ec20 4883 | e4f0 48b8 
  0x000002545f2bd260: 90a9 d4ce | fe7f 0000 | ffd0 498b | e44d 33e4 | 41c7 8744 | 0400 0008 | 0000 0049 | c787 a003 
  0x000002545f2bd280: 0000 0000 | 0000 49c7 | 87b0 0300 | 0000 0000 | 0049 c787 | a803 0000 | 0000 0000 | c5f8 774d 
  0x000002545f2bd2a0: 8b9f 3004 | 0000 41c7 | 8300 0100 | 0000 0000 | 0049 bbda | a52b 5f54 | 0200 004c | 3b5d 180f 
  0x000002545f2bd2c0: 8524 0200 | 0048 8b04 | 2448 83c4 | 1048 85c0 | 0f84 fe01 | 0000 a803 | 0f85 0800 | 0000 488b 
  0x000002545f2bd2e0: 00e9 ee01 | 0000 a801 | 0f85 0900 | 0000 488b | 40fe e9dd | 0100 0048 | 8b40 ff41 | 807f 3800 
  0x000002545f2bd300: 0f84 ce01 | 0000 4883 | f800 0f84 | c401 0000 | 4d8b 5f28 | 4983 fb00 | 0f84 1400 | 0000 4983 
  0x000002545f2bd320: eb08 4d89 | 5f28 4d03 | 5f30 4989 | 03e9 a201 | 0000 4881 | ecd0 0000 | 0048 8904 | 2448 894c 
  0x000002545f2bd340: 2408 4889 | 5424 1048 | 8974 2418 | 4889 7c24 | 204c 8944 | 2428 4c89 | 4c24 304c | 8954 2438 
  0x000002545f2bd360: 4c89 5c24 | 40c5 fb11 | 4424 50c5 | fb11 4c24 | 58c5 fb11 | 5424 60c5 | fb11 5c24 | 68c5 fb11 
  0x000002545f2bd380: 6424 70c5 | fb11 6c24 | 78c5 fb11 | b424 8000 | 0000 c5fb | 11bc 2488 | 0000 00c5 | 7b11 8424 
  0x000002545f2bd3a0: 9000 0000 | c57b 118c | 2498 0000 | 00c5 7b11 | 9424 a000 | 0000 c57b | 119c 24a8 | 0000 00c5 
  0x000002545f2bd3c0: 7b11 a424 | b000 0000 | c57b 11ac | 24b8 0000 | 00c5 7b11 | b424 c000 | 0000 c57b | 11bc 24c8 
  0x000002545f2bd3e0: 0000 0049 | 8bd7 488b | c848 83ec | 2040 f6c4 | 0f0f 8419 | 0000 0048 | 83ec 0848 | b8e0 07c8 
  0x000002545f2bd400: cefe 7f00 | 00ff d048 | 83c4 08e9 | 0c00 0000 | 48b8 e007 | c8ce fe7f | 0000 ffd0 | 4883 c420 
  0x000002545f2bd420: c57b 10bc | 24c8 0000 | 00c5 7b10 | b424 c000 | 0000 c57b | 10ac 24b8 | 0000 00c5 | 7b10 a424 
  0x000002545f2bd440: b000 0000 | c57b 109c | 24a8 0000 | 00c5 7b10 | 9424 a000 | 0000 c57b | 108c 2498 | 0000 00c5 
  0x000002545f2bd460: 7b10 8424 | 9000 0000 | c5fb 10bc | 2488 0000 | 00c5 fb10 | b424 8000 | 0000 c5fb | 106c 2478 
  0x000002545f2bd480: c5fb 1064 | 2470 c5fb | 105c 2468 | c5fb 1054 | 2460 c5fb | 104c 2458 | c5fb 1044 | 2450 4c8b 
  0x000002545f2bd4a0: 5c24 404c | 8b54 2438 | 4c8b 4c24 | 304c 8b44 | 2428 488b | 7c24 2048 | 8b74 2418 | 488b 5424 
  0x000002545f2bd4c0: 1048 8b4c | 2408 488b | 0424 4881 | c4d0 0000 | 00c5 f877 | 4889 4510 | 4883 ec10 | 4889 0424 
  0x000002545f2bd4e0: 48c7 4424 | 0800 0000 | 0041 83bf | c804 0000 | 020f 85bf | 0000 0048 | 81ec 8000 | 0000 4889 
  0x000002545f2bd500: 4424 7848 | 894c 2470 | 4889 5424 | 6848 895c | 2460 4889 | 6c24 5048 | 8974 2448 | 4889 7c24 
  0x000002545f2bd520: 404c 8944 | 2438 4c89 | 4c24 304c | 8954 2428 | 4c89 5c24 | 204c 8964 | 2418 4c89 | 6c24 104c 
  0x000002545f2bd540: 8974 2408 | 4c89 3c24 | 4c8b e448 | 83ec 2048 | 83e4 f048 | b8b0 220b | cffe 7f00 | 00ff d049 
  0x000002545f2bd560: 8be4 4c8b | 3c24 4c8b | 7424 084c | 8b6c 2410 | 4c8b 6424 | 184c 8b5c | 2420 4c8b | 5424 284c 
  0x000002545f2bd580: 8b4c 2430 | 4c8b 4424 | 3848 8b7c | 2440 488b | 7424 4848 | 8b6c 2450 | 488b 5c24 | 6048 8b54 
  0x000002545f2bd5a0: 2468 488b | 4c24 7048 | 8b44 2478 | 4881 c480 | 0000 004d | 33e4 488b | 5de8 4c8b | 6b08 4d8d 
  0x000002545f2bd5c0: 6d38 4983 | 7f08 000f | 84bb 0000 | 00e8 0500 | 0000 e996 | 0000 0048 | 8d44 2408 | 4c89 6dc0 
  0x000002545f2bd5e0: 498b cfc5 | f877 4989 | afb0 0300 | 0049 8987 | a003 0000 | 4883 ec20 | 40f6 c40f | 0f84 1900 
  0x000002545f2bd600: 0000 4883 | ec08 48b8 | 006c d3ce | fe7f 0000 | ffd0 4883 | c408 e90c | 0000 0048 | b800 6cd3 
  0x000002545f2bd620: cefe 7f00 | 00ff d048 | 83c4 2049 | c787 a003 | 0000 0000 | 0000 49c7 | 87b0 0300 | 0000 0000 
  0x000002545f2bd640: 0049 c787 | a803 0000 | 0000 0000 | c5f8 7749 | 837f 0800 | 0f84 0500 | 0000 e961 | 38ff ff4c 
  0x000002545f2bd660: 8b6d c04c | 8b75 c84e | 8d74 f500 | c348 b920 | d532 cffe | 7f00 0048 | 83e4 f048 | b860 4af9 
  0x000002545f2bd680: cefe 7f00 | 00ff d0f4 | 448b 5b28 | 41f6 c320 | 0f84 7901 | 0000 488d | 55a8 4c8b | 5a08 4d85 
  0x000002545f2bd6a0: db0f 85bb | 0000 00e8 | 0500 0000 | e996 0000 | 0048 8d44 | 2408 4c89 | 6dc0 498b | cfc5 f877 
  0x000002545f2bd6c0: 4989 afb0 | 0300 0049 | 8987 a003 | 0000 4883 | ec20 40f6 | c40f 0f84 | 1900 0000 | 4883 ec08 
  0x000002545f2bd6e0: 48b8 306b | d3ce fe7f | 0000 ffd0 | 4883 c408 | e90c 0000 | 0048 b830 | 6bd3 cefe | 7f00 00ff 
  0x000002545f2bd700: d048 83c4 | 2049 c787 | a003 0000 | 0000 0000 | 49c7 87b0 | 0300 0000 | 0000 0049 | c787 a803 
  0x000002545f2bd720: 0000 0000 | 0000 c5f8 | 7749 837f | 0800 0f84 | 0500 0000 | e987 37ff | ff4c 8b6d | c04c 8b75 
  0x000002545f2bd740: c84e 8d74 | f500 c348 | b920 d532 | cffe 7f00 | 0048 83e4 | f048 b860 | 4af9 cefe | 7f00 00ff 
  0x000002545f2bd760: d0f4 4c89 | 6dc0 4c8b | 4a08 48c7 | 4208 0000 | 0000 458b | 8718 0600 | 004f 3b4c | 07f8 0f85 
  0x000002545f2bd780: 4900 0000 | 4183 af18 | 0600 0008 | 4f3b 4c07 | f00f 842a | 0000 0049 | 8b01 a802 | 0f85 1200 
  0x000002545f2bd7a0: 0000 4c8b | c049 83c8 | 01f0 4d0f | b101 0f84 | 0d00 0000 | 4183 8718 | 0600 0008 | e90c 0000 
  0x000002545f2bd7c0: 0049 ff8f | 5005 0000 | e93e 0000 | 004c 894a | 0848 8bca | 4883 ec20 | 40f6 c40f | 0f84 1900 
  0x000002545f2bd7e0: 0000 4883 | ec08 48b8 | f03d d3ce | fe7f 0000 | ffd0 4883 | c408 e90c | 0000 0048 | b8f0 3dd3 
  0x000002545f2bd800: cefe 7f00 | 00ff d048 | 83c4 204c | 8b6d c049 | ba41 ad5a | cffe 7f00 | 0041 803a | 000f 843e 
  0x000002545f2bd820: 0000 0048 | 8b55 e849 | 8bcf 4883 | ec20 40f6 | c40f 0f84 | 1900 0000 | 4883 ec08 | 48b8 00ee 
  0x000002545f2bd840: 0acf fe7f | 0000 ffd0 | 4883 c408 | e90c 0000 | 0048 b800 | ee0a cffe | 7f00 00ff | d048 83c4 
  0x000002545f2bd860: 2048 8b04 | 2448 83c4 | 10c5 fb10 | 0424 4883 | c410 4c8b | 5d18 41ff | d34c 8b5d | f8c9 5f49 
  0x000002545f2bd880: 8be3 ffe7 | ba00 0000 | 00e8 0500 | 0000 e996 | 0000 0048 | 8d44 2408 | 4c89 6dc0 | 498b cfc5 
  0x000002545f2bd8a0: f877 4989 | afb0 0300 | 0049 8987 | a003 0000 | 4883 ec20 | 40f6 c40f | 0f84 1900 | 0000 4883 
  0x000002545f2bd8c0: ec08 48b8 | a031 d3ce | fe7f 0000 | ffd0 4883 | c408 e90c | 0000 0048 | b8a0 31d3 | cefe 7f00 
  0x000002545f2bd8e0: 00ff d048 | 83c4 2049 | c787 a003 | 0000 0000 | 0000 49c7 | 87b0 0300 | 0000 0000 | 0049 c787 
  0x000002545f2bd900: a803 0000 | 0000 0000 | c5f8 7749 | 837f 0800 | 0f84 0500 | 0000 e9a5 | 35ff ff4c | 8b6d c04c 
  0x000002545f2bd920: 8b75 c84e | 8d74 f500 | c348 8b5d | e8e9 26f6 | ffff 660f | 1f44 0000 
[/MachCode]

---------------  P R O C E S S  ---------------

Threads class SMR info:
_java_thread_list=0x0000025448767df0, length=17, elements={
0x000002546f39e870, 0x0000025445015690, 0x000002544501a110, 0x000002544501bb80,
0x000002544501c5e0, 0x000002544501d170, 0x000002544501e3c0, 0x0000025445027100,
0x00000254451cd630, 0x00000254452c3440, 0x00000254452c9ad0, 0x0000025445447ac0,
0x00000254454558b0, 0x0000025445847a20, 0x00000254474647d0, 0x0000025447462700,
0x00000254474619e0
}

Java Threads: ( => current thread )
  0x000002546f39e870 JavaThread "Reference Handler"          daemon [_thread_blocked, id=21696, stack(0x0000007ee7d00000,0x0000007ee7e00000) (1024K)]
  0x0000025445015690 JavaThread "Finalizer"                  daemon [_thread_blocked, id=20008, stack(0x0000007ee7e00000,0x0000007ee7f00000) (1024K)]
  0x000002544501a110 JavaThread "Signal Dispatcher"          daemon [_thread_blocked, id=16808, stack(0x0000007ee7f00000,0x0000007ee8000000) (1024K)]
  0x000002544501bb80 JavaThread "Attach Listener"            daemon [_thread_blocked, id=15976, stack(0x0000007ee8000000,0x0000007ee8100000) (1024K)]
  0x000002544501c5e0 JavaThread "Service Thread"             daemon [_thread_blocked, id=20528, stack(0x0000007ee8100000,0x0000007ee8200000) (1024K)]
  0x000002544501d170 JavaThread "Monitor Deflation Thread"   daemon [_thread_blocked, id=21184, stack(0x0000007ee8200000,0x0000007ee8300000) (1024K)]
  0x000002544501e3c0 JavaThread "C2 CompilerThread0"         daemon [_thread_blocked, id=18736, stack(0x0000007ee8300000,0x0000007ee8400000) (1024K)]
  0x0000025445027100 JavaThread "C1 CompilerThread0"         daemon [_thread_blocked, id=25996, stack(0x0000007ee8400000,0x0000007ee8500000) (1024K)]
  0x00000254451cd630 JavaThread "Common-Cleaner"             daemon [_thread_blocked, id=26852, stack(0x0000007ee8600000,0x0000007ee8700000) (1024K)]
  0x00000254452c3440 JavaThread "Monitor Ctrl-Break"         daemon [_thread_in_native, id=18632, stack(0x0000007ee8a00000,0x0000007ee8b00000) (1024K)]
  0x00000254452c9ad0 JavaThread "Notification Thread"        daemon [_thread_blocked, id=23096, stack(0x0000007ee8b00000,0x0000007ee8c00000) (1024K)]
  0x0000025445447ac0 JavaThread "Java2D Disposer"            daemon [_thread_blocked, id=21980, stack(0x0000007ee8c00000,0x0000007ee8d00000) (1024K)]
=>0x00000254454558b0 JavaThread "AWT-Windows"                daemon [_thread_in_native, id=23828, stack(0x0000007ee8e00000,0x0000007ee8f00000) (1024K)]
  0x0000025445847a20 JavaThread "mysql-cj-abandoned-connection-cleanup" daemon [_thread_blocked, id=14600, stack(0x0000007ee9100000,0x0000007ee9200000) (1024K)]
  0x00000254474647d0 JavaThread "AWT-Shutdown"                      [_thread_blocked, id=10304, stack(0x0000007ee9e00000,0x0000007ee9f00000) (1024K)]
  0x0000025447462700 JavaThread "AWT-EventQueue-0"                  [_thread_blocked, id=23408, stack(0x0000007eea000000,0x0000007eea100000) (1024K)]
  0x00000254474619e0 JavaThread "DestroyJavaVM"                     [_thread_blocked, id=20268, stack(0x0000007ee7500000,0x0000007ee7600000) (1024K)]
Total: 17

Other Threads:
  0x000002546f38b270 VMThread "VM Thread"                           [id=11088, stack(0x0000007ee7c00000,0x0000007ee7d00000) (1024K)]
  0x000002546f377690 WatcherThread "VM Periodic Task Thread"        [id=23708, stack(0x0000007ee7b00000,0x0000007ee7c00000) (1024K)]
  0x000002544d3dde30 WorkerThread "GC Thread#0"                     [id=15952, stack(0x0000007ee7600000,0x0000007ee7700000) (1024K)]
  0x0000025445a2c6f0 WorkerThread "GC Thread#1"                     [id=17924, stack(0x0000007ee9200000,0x0000007ee9300000) (1024K)]
  0x0000025445a2caa0 WorkerThread "GC Thread#2"                     [id=17952, stack(0x0000007ee9300000,0x0000007ee9400000) (1024K)]
  0x0000025445b168f0 WorkerThread "GC Thread#3"                     [id=11636, stack(0x0000007ee9400000,0x0000007ee9500000) (1024K)]
  0x0000025445b16ca0 WorkerThread "GC Thread#4"                     [id=22520, stack(0x0000007ee9500000,0x0000007ee9600000) (1024K)]
  0x0000025445bbe1f0 WorkerThread "GC Thread#5"                     [id=27628, stack(0x0000007ee9600000,0x0000007ee9700000) (1024K)]
  0x0000025445a27f70 WorkerThread "GC Thread#6"                     [id=12092, stack(0x0000007ee9700000,0x0000007ee9800000) (1024K)]
  0x0000025445a08210 WorkerThread "GC Thread#7"                     [id=484, stack(0x0000007ee9800000,0x0000007ee9900000) (1024K)]
  0x0000025447c7c8c0 WorkerThread "GC Thread#8"                     [id=8528, stack(0x0000007ee9000000,0x0000007ee9100000) (1024K)]
  0x0000025447c7bdb0 WorkerThread "GC Thread#9"                     [id=16252, stack(0x0000007ee9a00000,0x0000007ee9b00000) (1024K)]
  0x0000025447c7ba00 WorkerThread "GC Thread#10"                    [id=23932, stack(0x0000007ee9b00000,0x0000007ee9c00000) (1024K)]
  0x0000025447c7c160 WorkerThread "GC Thread#11"                    [id=25892, stack(0x0000007ee9c00000,0x0000007ee9d00000) (1024K)]
  0x0000025447c7cc70 WorkerThread "GC Thread#12"                    [id=2240, stack(0x0000007ee9d00000,0x0000007ee9e00000) (1024K)]
  0x000002544f7a4bb0 ConcurrentGCThread "G1 Main Marker"            [id=13408, stack(0x0000007ee7700000,0x0000007ee7800000) (1024K)]
  0x000002544f7a55d0 WorkerThread "G1 Conc#0"                       [id=18668, stack(0x0000007ee7800000,0x0000007ee7900000) (1024K)]
  0x000002544947aa10 WorkerThread "G1 Conc#1"                       [id=15852, stack(0x0000007eea500000,0x0000007eea600000) (1024K)]
  0x000002544947b170 WorkerThread "G1 Conc#2"                       [id=15416, stack(0x0000007eea600000,0x0000007eea700000) (1024K)]
  0x000002544f7ee990 ConcurrentGCThread "G1 Refine#0"               [id=14340, stack(0x0000007ee7900000,0x0000007ee7a00000) (1024K)]
  0x000002546f2428e0 ConcurrentGCThread "G1 Service"                [id=24964, stack(0x0000007ee7a00000,0x0000007ee7b00000) (1024K)]
Total: 21

Threads with active compile tasks:
Total: 0

VM state: not at safepoint (normal execution)

VM Mutex/Monitor currently owned by a thread: None

Heap address: 0x0000000705c00000, size: 4004 MB, Compressed Oops mode: Zero based, Oop shift amount: 3

CDS archive(s) mapped at: [0x0000025400000000-0x0000025400d70000-0x0000025400d70000), size 14090240, SharedBaseAddress: 0x0000025400000000, ArchiveRelocationMode: 1.
Compressed class space mapped at: 0x0000025401000000-0x0000025441000000, reserved size: 1073741824
Narrow klass base: 0x0000025400000000, Narrow klass shift: 0, Narrow klass range: 0x41000000

GC Precious Log:
 CardTable entry size: 512
 Card Set container configuration: InlinePtr #cards 4 size 8 Array Of Cards #cards 16 size 48 Howl #buckets 8 coarsen threshold 3686 Howl Bitmap #cards 512 size 80 coarsen threshold 460 Card regions per heap region 1 cards per card region 4096
 CPUs: 16 total, 16 available
 Memory: 16008M
 Large Page Support: Disabled
 NUMA Support: Disabled
 Compressed Oops: Enabled (Zero based)
 Heap Region Size: 2M
 Heap Min Capacity: 8M
 Heap Initial Capacity: 252M
 Heap Max Capacity: 4004M
 Pre-touch: Disabled
 Parallel Workers: 13
 Concurrent Workers: 3
 Concurrent Refinement Workers: 13
 Periodic GC: Disabled

Heap:
 garbage-first heap   total reserved 4100096K, committed 157696K, used 70243K [0x0000000705c00000, 0x0000000800000000)
  region size 2048K, 2 young (4096K), 1 survivors (2048K)
 Metaspace       used 23980K, committed 24640K, reserved 1114112K
  class space    used 2742K, committed 3008K, reserved 1048576K

Heap Regions: E=young(eden), S=young(survivor), O=old, HS=humongous(starts), HC=humongous(continues), CS=collection set, F=free, TAMS=top-at-mark-start, PB=parsable bottom
|   0|0x0000000705c00000, 0x0000000705e00000, 0x0000000705e00000|100%|HS|  |TAMS 0x0000000705c00000| PB 0x0000000705c00000| Complete |  0
|   1|0x0000000705e00000, 0x0000000706000000, 0x0000000706000000|100%|HC|  |TAMS 0x0000000705e00000| PB 0x0000000705e00000| Complete |  0
|   2|0x0000000706000000, 0x0000000706200000, 0x0000000706200000|100%|HC|  |TAMS 0x0000000706000000| PB 0x0000000706000000| Complete |  0
|   3|0x0000000706200000, 0x0000000706400000, 0x0000000706400000|100%|HC|  |TAMS 0x0000000706200000| PB 0x0000000706200000| Complete |  0
|   4|0x0000000706400000, 0x0000000706600000, 0x0000000706600000|100%|HS|  |TAMS 0x0000000706400000| PB 0x0000000706400000| Complete |  0
|   5|0x0000000706600000, 0x0000000706800000, 0x0000000706800000|100%|HS|  |TAMS 0x0000000706600000| PB 0x0000000706600000| Complete |  0
|   6|0x0000000706800000, 0x0000000706a00000, 0x0000000706a00000|100%|HS|  |TAMS 0x0000000706800000| PB 0x0000000706800000| Complete |  0
|   7|0x0000000706a00000, 0x0000000706c00000, 0x0000000706c00000|100%|HC|  |TAMS 0x0000000706a00000| PB 0x0000000706a00000| Complete |  0
|   8|0x0000000706c00000, 0x0000000706e00000, 0x0000000706e00000|100%|HS|  |TAMS 0x0000000706c00000| PB 0x0000000706c00000| Complete |  0
|   9|0x0000000706e00000, 0x0000000707000000, 0x0000000707000000|100%| O|  |TAMS 0x0000000706e00000| PB 0x0000000706e00000| Untracked |  0
|  10|0x0000000707000000, 0x0000000707200000, 0x0000000707200000|100%| O|  |TAMS 0x0000000707000000| PB 0x0000000707000000| Untracked |  0
|  11|0x0000000707200000, 0x0000000707400000, 0x0000000707400000|100%|HS|  |TAMS 0x0000000707200000| PB 0x0000000707200000| Complete |  0
|  12|0x0000000707400000, 0x0000000707600000, 0x0000000707600000|100%|HC|  |TAMS 0x0000000707400000| PB 0x0000000707400000| Complete |  0
|  13|0x0000000707600000, 0x0000000707800000, 0x0000000707800000|100%|HS|  |TAMS 0x0000000707600000| PB 0x0000000707600000| Complete |  0
|  14|0x0000000707800000, 0x0000000707a00000, 0x0000000707a00000|100%|HC|  |TAMS 0x0000000707800000| PB 0x0000000707800000| Complete |  0
|  15|0x0000000707a00000, 0x0000000707c00000, 0x0000000707c00000|100%| O|  |TAMS 0x0000000707a00000| PB 0x0000000707a00000| Untracked |  0
|  16|0x0000000707c00000, 0x0000000707e00000, 0x0000000707e00000|100%| O|  |TAMS 0x0000000707c00000| PB 0x0000000707c00000| Untracked |  0
|  17|0x0000000707e00000, 0x0000000708000000, 0x0000000708000000|100%| O|  |TAMS 0x0000000707e00000| PB 0x0000000707e00000| Untracked |  0
|  18|0x0000000708000000, 0x00000007081dc500, 0x0000000708200000| 93%| O|  |TAMS 0x0000000708000000| PB 0x0000000708000000| Untracked |  0
|  19|0x0000000708200000, 0x0000000708400000, 0x0000000708400000|100%|HS|  |TAMS 0x0000000708200000| PB 0x0000000708200000| Complete |  0
|  20|0x0000000708400000, 0x0000000708600000, 0x0000000708600000|100%|HC|  |TAMS 0x0000000708400000| PB 0x0000000708400000| Complete |  0
|  21|0x0000000708600000, 0x0000000708800000, 0x0000000708800000|100%|HC|  |TAMS 0x0000000708600000| PB 0x0000000708600000| Complete |  0
|  22|0x0000000708800000, 0x0000000708a00000, 0x0000000708a00000|100%|HC|  |TAMS 0x0000000708800000| PB 0x0000000708800000| Complete |  0
|  23|0x0000000708a00000, 0x0000000708c00000, 0x0000000708c00000|100%|HC|  |TAMS 0x0000000708a00000| PB 0x0000000708a00000| Complete |  0
|  24|0x0000000708c00000, 0x0000000708e00000, 0x0000000708e00000|100%|HS|  |TAMS 0x0000000708c00000| PB 0x0000000708c00000| Complete |  0
|  25|0x0000000708e00000, 0x0000000708e00000, 0x0000000709000000|  0%| F|  |TAMS 0x0000000708e00000| PB 0x0000000708e00000| Untracked |  0
|  26|0x0000000709000000, 0x0000000709000000, 0x0000000709200000|  0%| F|  |TAMS 0x0000000709000000| PB 0x0000000709000000| Untracked |  0
|  27|0x0000000709200000, 0x0000000709200000, 0x0000000709400000|  0%| F|  |TAMS 0x0000000709200000| PB 0x0000000709200000| Untracked |  0
|  28|0x0000000709400000, 0x0000000709400000, 0x0000000709600000|  0%| F|  |TAMS 0x0000000709400000| PB 0x0000000709400000| Untracked |  0
|  29|0x0000000709600000, 0x0000000709600000, 0x0000000709800000|  0%| F|  |TAMS 0x0000000709600000| PB 0x0000000709600000| Untracked |  0
|  30|0x0000000709800000, 0x0000000709800000, 0x0000000709a00000|  0%| F|  |TAMS 0x0000000709800000| PB 0x0000000709800000| Untracked |  0
|  31|0x0000000709a00000, 0x0000000709a00000, 0x0000000709c00000|  0%| F|  |TAMS 0x0000000709a00000| PB 0x0000000709a00000| Untracked |  0
|  32|0x0000000709c00000, 0x0000000709e00000, 0x0000000709e00000|100%| O|  |TAMS 0x0000000709c00000| PB 0x0000000709c00000| Untracked |  0
|  33|0x0000000709e00000, 0x000000070a000000, 0x000000070a000000|100%| O|  |TAMS 0x0000000709e00000| PB 0x0000000709e00000| Untracked |  0
|  34|0x000000070a000000, 0x000000070a200000, 0x000000070a200000|100%|HS|  |TAMS 0x000000070a000000| PB 0x000000070a000000| Complete |  0
|  35|0x000000070a200000, 0x000000070a400000, 0x000000070a400000|100%|HC|  |TAMS 0x000000070a200000| PB 0x000000070a200000| Complete |  0
|  36|0x000000070a400000, 0x000000070a600000, 0x000000070a600000|100%|HC|  |TAMS 0x000000070a400000| PB 0x000000070a400000| Complete |  0
|  37|0x000000070a600000, 0x000000070a800000, 0x000000070a800000|100%|HC|  |TAMS 0x000000070a600000| PB 0x000000070a600000| Complete |  0
|  38|0x000000070a800000, 0x000000070aa00000, 0x000000070aa00000|100%|HC|  |TAMS 0x000000070a800000| PB 0x000000070a800000| Complete |  0
|  39|0x000000070aa00000, 0x000000070ac00000, 0x000000070ac00000|100%| O|  |TAMS 0x000000070aa00000| PB 0x000000070aa00000| Untracked |  0
|  40|0x000000070ac00000, 0x000000070addb768, 0x000000070ae00000| 92%| O|  |TAMS 0x000000070ac00000| PB 0x000000070ac00000| Untracked |  0
|  41|0x000000070ae00000, 0x000000070ae00000, 0x000000070b000000|  0%| F|  |TAMS 0x000000070ae00000| PB 0x000000070ae00000| Untracked |  0
|  42|0x000000070b000000, 0x000000070b000000, 0x000000070b200000|  0%| F|  |TAMS 0x000000070b000000| PB 0x000000070b000000| Untracked |  0
|  43|0x000000070b200000, 0x000000070b200000, 0x000000070b400000|  0%| F|  |TAMS 0x000000070b200000| PB 0x000000070b200000| Untracked |  0
|  44|0x000000070b400000, 0x000000070b400000, 0x000000070b600000|  0%| F|  |TAMS 0x000000070b400000| PB 0x000000070b400000| Untracked |  0
|  45|0x000000070b600000, 0x000000070b600000, 0x000000070b800000|  0%| F|  |TAMS 0x000000070b600000| PB 0x000000070b600000| Untracked |  0
|  46|0x000000070b800000, 0x000000070b800000, 0x000000070ba00000|  0%| F|  |TAMS 0x000000070b800000| PB 0x000000070b800000| Untracked |  0
|  47|0x000000070ba00000, 0x000000070ba00000, 0x000000070bc00000|  0%| F|  |TAMS 0x000000070ba00000| PB 0x000000070ba00000| Untracked |  0
|  48|0x000000070bc00000, 0x000000070bc00000, 0x000000070be00000|  0%| F|  |TAMS 0x000000070bc00000| PB 0x000000070bc00000| Untracked |  0
|  49|0x000000070be00000, 0x000000070be00000, 0x000000070c000000|  0%| F|  |TAMS 0x000000070be00000| PB 0x000000070be00000| Untracked |  0
|  50|0x000000070c000000, 0x000000070c000000, 0x000000070c200000|  0%| F|  |TAMS 0x000000070c000000| PB 0x000000070c000000| Untracked |  0
|  51|0x000000070c200000, 0x000000070c200000, 0x000000070c400000|  0%| F|  |TAMS 0x000000070c200000| PB 0x000000070c200000| Untracked |  0
|  52|0x000000070c400000, 0x000000070c400000, 0x000000070c600000|  0%| F|  |TAMS 0x000000070c400000| PB 0x000000070c400000| Untracked |  0
|  53|0x000000070c600000, 0x000000070c600000, 0x000000070c800000|  0%| F|  |TAMS 0x000000070c600000| PB 0x000000070c600000| Untracked |  0
|  54|0x000000070c800000, 0x000000070c800000, 0x000000070ca00000|  0%| F|  |TAMS 0x000000070c800000| PB 0x000000070c800000| Untracked |  0
|  55|0x000000070ca00000, 0x000000070ca00000, 0x000000070cc00000|  0%| F|  |TAMS 0x000000070ca00000| PB 0x000000070ca00000| Untracked |  0
|  56|0x000000070cc00000, 0x000000070cc00000, 0x000000070ce00000|  0%| F|  |TAMS 0x000000070cc00000| PB 0x000000070cc00000| Untracked |  0
|  57|0x000000070ce00000, 0x000000070ce00000, 0x000000070d000000|  0%| F|  |TAMS 0x000000070ce00000| PB 0x000000070ce00000| Untracked |  0
|  58|0x000000070d000000, 0x000000070d000000, 0x000000070d200000|  0%| F|  |TAMS 0x000000070d000000| PB 0x000000070d000000| Untracked |  0
|  59|0x000000070d200000, 0x000000070d200000, 0x000000070d400000|  0%| F|  |TAMS 0x000000070d200000| PB 0x000000070d200000| Untracked |  0
|  60|0x000000070d400000, 0x000000070d400000, 0x000000070d600000|  0%| F|  |TAMS 0x000000070d400000| PB 0x000000070d400000| Untracked |  0
|  61|0x000000070d600000, 0x000000070d600000, 0x000000070d800000|  0%| F|  |TAMS 0x000000070d600000| PB 0x000000070d600000| Untracked |  0
|  62|0x000000070d800000, 0x000000070d800000, 0x000000070da00000|  0%| F|  |TAMS 0x000000070d800000| PB 0x000000070d800000| Untracked |  0
|  63|0x000000070da00000, 0x000000070da00000, 0x000000070dc00000|  0%| F|  |TAMS 0x000000070da00000| PB 0x000000070da00000| Untracked |  0
|  64|0x000000070dc00000, 0x000000070dc00000, 0x000000070de00000|  0%| F|  |TAMS 0x000000070dc00000| PB 0x000000070dc00000| Untracked |  0
|  65|0x000000070de00000, 0x000000070de00000, 0x000000070e000000|  0%| F|  |TAMS 0x000000070de00000| PB 0x000000070de00000| Untracked |  0
|  66|0x000000070e000000, 0x000000070e000000, 0x000000070e200000|  0%| F|  |TAMS 0x000000070e000000| PB 0x000000070e000000| Untracked |  0
|  67|0x000000070e200000, 0x000000070e200000, 0x000000070e400000|  0%| F|  |TAMS 0x000000070e200000| PB 0x000000070e200000| Untracked |  0
|  68|0x000000070e400000, 0x000000070e400000, 0x000000070e600000|  0%| F|  |TAMS 0x000000070e400000| PB 0x000000070e400000| Untracked |  0
|  69|0x000000070e600000, 0x000000070e600000, 0x000000070e800000|  0%| F|  |TAMS 0x000000070e600000| PB 0x000000070e600000| Untracked |  0
|  70|0x000000070e800000, 0x000000070e800000, 0x000000070ea00000|  0%| F|  |TAMS 0x000000070e800000| PB 0x000000070e800000| Untracked |  0
|  71|0x000000070ea00000, 0x000000070ea00000, 0x000000070ec00000|  0%| F|  |TAMS 0x000000070ea00000| PB 0x000000070ea00000| Untracked |  0
| 102|0x0000000712800000, 0x00000007128e12e0, 0x0000000712a00000| 43%| S|CS|TAMS 0x0000000712800000| PB 0x0000000712800000| Complete |  0
| 103|0x0000000712a00000, 0x0000000712a00000, 0x0000000712c00000|  0%| F|  |TAMS 0x0000000712a00000| PB 0x0000000712a00000| Untracked |  0
| 104|0x0000000712c00000, 0x0000000712c00000, 0x0000000712e00000|  0%| F|  |TAMS 0x0000000712c00000| PB 0x0000000712c00000| Untracked |  0
| 105|0x0000000712e00000, 0x0000000712e00000, 0x0000000713000000|  0%| F|  |TAMS 0x0000000712e00000| PB 0x0000000712e00000| Untracked |  0
| 125|0x0000000715600000, 0x0000000715800000, 0x0000000715800000|100%| E|  |TAMS 0x0000000715600000| PB 0x0000000715600000| Complete |  0

Card table byte_map: [0x0000025467fd0000,0x00000254687b0000] _byte_map_base: 0x00000254647a2000

Marking Bits: (CMBitMap*) 0x000002544d3de540
 Bits: [0x00000254687b0000, 0x000002546c640000)

Polling page: 0x000002544d5d0000

Metaspace:

Usage:
  Non-class:     20.74 MB used.
      Class:      2.68 MB used.
       Both:     23.42 MB used.

Virtual space:
  Non-class space:       64.00 MB reserved,      21.12 MB ( 33%) committed,  1 nodes.
      Class space:        1.00 GB reserved,       2.94 MB ( <1%) committed,  1 nodes.
             Both:        1.06 GB reserved,      24.06 MB (  2%) committed. 

Chunk freelists:
   Non-Class:  10.73 MB
       Class:  13.03 MB
        Both:  23.76 MB

MaxMetaspaceSize: unlimited
CompressedClassSpaceSize: 1.00 GB
Initial GC threshold: 21.00 MB
Current GC threshold: 35.25 MB
CDS: on
 - commit_granule_bytes: 65536.
 - commit_granule_words: 8192.
 - virtual_space_node_default_size: 8388608.
 - enlarge_chunks_in_place: 1.
 - use_allocation_guard: 0.


Internal statistics:

num_allocs_failed_limit: 3.
num_arena_births: 736.
num_arena_deaths: 0.
num_vsnodes_births: 2.
num_vsnodes_deaths: 0.
num_space_committed: 385.
num_space_uncommitted: 0.
num_chunks_returned_to_freelist: 3.
num_chunks_taken_from_freelist: 1033.
num_chunk_merges: 0.
num_chunk_splits: 658.
num_chunks_enlarged: 352.
num_inconsistent_stats: 0.

CodeHeap 'non-profiled nmethods': size=119232Kb used=1715Kb max_used=1715Kb free=117517Kb
 bounds [0x000002545f9f0000, 0x000002545fc60000, 0x0000025466e60000]
CodeHeap 'profiled nmethods': size=119104Kb used=6595Kb max_used=6595Kb free=112508Kb
 bounds [0x0000025457e60000, 0x00000254584e0000, 0x000002545f2b0000]
CodeHeap 'non-nmethods': size=7424Kb used=1843Kb max_used=3584Kb free=5580Kb
 bounds [0x000002545f2b0000, 0x000002545f640000, 0x000002545f9f0000]
CodeCache: size=245760Kb, used=10153Kb, max_used=11894Kb, free=235605Kb
 total_blobs=5179, nmethods=4303, adapters=768, full_count=0
Compilation: enabled, stopped_count=0, restarted_count=0

Compilation events (20 events):
Event: 293.172 Thread 0x0000025445027100 4295  s!   3       sun.font.FileFontStrike::setCachedGlyphPtr (78 bytes)
Event: 293.173 Thread 0x0000025445027100 nmethod 4295 0x00000254584cda08 code [0x00000254584cdbc0, 0x00000254584ce500]
Event: 293.178 Thread 0x0000025445027100 4296       3       sun.swing.SwingUtilities2::getFontMetrics (10 bytes)
Event: 293.178 Thread 0x0000025445027100 nmethod 4296 0x00000254584ce588 code [0x00000254584ce740, 0x00000254584cedb0]
Event: 293.178 Thread 0x0000025445027100 4297       3       sun.java2d.SunGraphics2D::getFont (19 bytes)
Event: 293.178 Thread 0x0000025445027100 nmethod 4297 0x00000254584cee88 code [0x00000254584cefa0, 0x00000254584cf160]
Event: 293.178 Thread 0x0000025445027100 4298       3       sun.swing.SwingUtilities2::getFontMetrics (18 bytes)
Event: 293.179 Thread 0x0000025445027100 nmethod 4298 0x00000254584cf188 code [0x00000254584cf320, 0x00000254584cf810]
Event: 293.186 Thread 0x0000025445027100 4299       3       sun.font.FileFontStrike::getGlyphImageFromWindows (145 bytes)
Event: 293.187 Thread 0x0000025445027100 nmethod 4299 0x00000254584cf888 code [0x00000254584cfa60, 0x00000254584d0450]
Event: 293.238 Thread 0x0000025445027100 4300       3       jdk.internal.foreign.SegmentFactories::ensureInitialized (5 bytes)
Event: 293.238 Thread 0x0000025445027100 nmethod 4300 0x00000254584d0508 code [0x00000254584d0620, 0x00000254584d0708]
Event: 293.238 Thread 0x0000025445027100 4301       3       jdk.internal.foreign.AbstractMemorySegmentImpl::<init> (21 bytes)
Event: 293.239 Thread 0x0000025445027100 nmethod 4301 0x00000254584d0808 code [0x00000254584d0920, 0x00000254584d0af8]
Event: 293.241 Thread 0x0000025445027100 4302       3       jdk.internal.foreign.MemorySessionImpl::checkValidStateRaw (33 bytes)
Event: 293.241 Thread 0x000002544501e3c0 4303   !   4       jdk.internal.misc.ScopedMemoryAccess::getIntUnaligned (18 bytes)
Event: 293.242 Thread 0x0000025445027100 nmethod 4302 0x00000254584d0b88 code [0x00000254584d0ca0, 0x00000254584d0e80]
Event: 293.243 Thread 0x000002544501e3c0 nmethod 4303 0x000002545fb9c608 code [0x000002545fb9c700, 0x000002545fb9c7d8]
Event: 293.243 Thread 0x000002544501e3c0 4304   !   4       jdk.internal.misc.ScopedMemoryAccess::getIntUnalignedInternal (36 bytes)
Event: 293.244 Thread 0x000002544501e3c0 nmethod 4304 0x000002545fb9c908 code [0x000002545fb9ca00, 0x000002545fb9cad8]

GC Heap History (12 events):
Event: 0.646 GC heap before
{Heap before GC invocations=0 (full 0):
 garbage-first heap   total reserved 4100096K, committed 258048K, used 43008K [0x0000000705c00000, 0x0000000800000000)
  region size 2048K, 12 young (24576K), 0 survivors (0K)
 Metaspace       used 7804K, committed 8000K, reserved 1114112K
  class space    used 905K, committed 960K, reserved 1048576K
}
Event: 0.654 GC heap after
{Heap after GC invocations=1 (full 0):
 garbage-first heap   total reserved 4100096K, committed 258048K, used 20757K [0x0000000705c00000, 0x0000000800000000)
  region size 2048K, 2 young (4096K), 2 survivors (4096K)
 Metaspace       used 7804K, committed 8000K, reserved 1114112K
  class space    used 905K, committed 960K, reserved 1048576K
}
Event: 2.119 GC heap before
{Heap before GC invocations=1 (full 0):
 garbage-first heap   total reserved 4100096K, committed 258048K, used 45333K [0x0000000705c00000, 0x0000000800000000)
  region size 2048K, 14 young (28672K), 2 survivors (4096K)
 Metaspace       used 18317K, committed 18624K, reserved 1114112K
  class space    used 2070K, committed 2240K, reserved 1048576K
}
Event: 2.132 GC heap after
{Heap after GC invocations=2 (full 0):
 garbage-first heap   total reserved 4100096K, committed 258048K, used 25567K [0x0000000705c00000, 0x0000000800000000)
  region size 2048K, 2 young (4096K), 2 survivors (4096K)
 Metaspace       used 18317K, committed 18624K, reserved 1114112K
  class space    used 2070K, committed 2240K, reserved 1048576K
}
Event: 3.593 GC heap before
{Heap before GC invocations=2 (full 0):
 garbage-first heap   total reserved 4100096K, committed 258048K, used 66527K [0x0000000705c00000, 0x0000000800000000)
  region size 2048K, 20 young (40960K), 2 survivors (4096K)
 Metaspace       used 21211K, committed 21504K, reserved 1114112K
  class space    used 2348K, committed 2496K, reserved 1048576K
}
Event: 3.602 GC heap after
{Heap after GC invocations=3 (full 0):
 garbage-first heap   total reserved 4100096K, committed 258048K, used 46961K [0x0000000705c00000, 0x0000000800000000)
  region size 2048K, 4 young (8192K), 4 survivors (8192K)
 Metaspace       used 21211K, committed 21504K, reserved 1114112K
  class space    used 2348K, committed 2496K, reserved 1048576K
}
Event: 6.088 GC heap before
{Heap before GC invocations=4 (full 0):
 garbage-first heap   total reserved 4100096K, committed 157696K, used 83825K [0x0000000705c00000, 0x0000000800000000)
  region size 2048K, 10 young (20480K), 4 survivors (8192K)
 Metaspace       used 23714K, committed 24384K, reserved 1114112K
  class space    used 2738K, committed 3008K, reserved 1048576K
}
Event: 6.093 GC heap after
{Heap after GC invocations=5 (full 0):
 garbage-first heap   total reserved 4100096K, committed 157696K, used 74362K [0x0000000705c00000, 0x0000000800000000)
  region size 2048K, 3 young (6144K), 3 survivors (6144K)
 Metaspace       used 23714K, committed 24384K, reserved 1114112K
  class space    used 2738K, committed 3008K, reserved 1048576K
}
Event: 6.230 GC heap before
{Heap before GC invocations=5 (full 0):
 garbage-first heap   total reserved 4100096K, committed 157696K, used 88698K [0x0000000705c00000, 0x0000000800000000)
  region size 2048K, 6 young (12288K), 3 survivors (6144K)
 Metaspace       used 23876K, committed 24512K, reserved 1114112K
  class space    used 2738K, committed 3008K, reserved 1048576K
}
Event: 6.233 GC heap after
{Heap after GC invocations=6 (full 0):
 garbage-first heap   total reserved 4100096K, committed 157696K, used 60158K [0x0000000705c00000, 0x0000000800000000)
  region size 2048K, 1 young (2048K), 1 survivors (2048K)
 Metaspace       used 23876K, committed 24512K, reserved 1114112K
  class space    used 2738K, committed 3008K, reserved 1048576K
}
Event: 292.815 GC heap before
{Heap before GC invocations=6 (full 0):
 garbage-first heap   total reserved 4100096K, committed 157696K, used 74494K [0x0000000705c00000, 0x0000000800000000)
  region size 2048K, 4 young (8192K), 1 survivors (2048K)
 Metaspace       used 23964K, committed 24576K, reserved 1114112K
  class space    used 2741K, committed 3008K, reserved 1048576K
}
Event: 292.817 GC heap after
{Heap after GC invocations=7 (full 0):
 garbage-first heap   total reserved 4100096K, committed 157696K, used 60003K [0x0000000705c00000, 0x0000000800000000)
  region size 2048K, 1 young (2048K), 1 survivors (2048K)
 Metaspace       used 23964K, committed 24576K, reserved 1114112K
  class space    used 2741K, committed 3008K, reserved 1048576K
}

Dll operation events (17 events):
Event: 0.008 Loaded shared library C:\Users\jadep\.jdks\openjdk-23\bin\java.dll
Event: 0.032 Loaded shared library C:\Users\jadep\.jdks\openjdk-23\bin\jsvml.dll
Event: 0.061 Loaded shared library C:\Users\jadep\.jdks\openjdk-23\bin\zip.dll
Event: 0.064 Loaded shared library C:\Users\jadep\.jdks\openjdk-23\bin\instrument.dll
Event: 0.069 Loaded shared library C:\Users\jadep\.jdks\openjdk-23\bin\net.dll
Event: 0.070 Loaded shared library C:\Users\jadep\.jdks\openjdk-23\bin\nio.dll
Event: 0.074 Loaded shared library C:\Users\jadep\.jdks\openjdk-23\bin\zip.dll
Event: 0.086 Loaded shared library C:\Program Files\JetBrains\IntelliJ IDEA 2024.2.1\bin\breakgen64.dll
Event: 0.093 Loaded shared library C:\Users\jadep\.jdks\openjdk-23\bin\extnet.dll
Event: 0.098 Loaded shared library C:\Users\jadep\.jdks\openjdk-23\bin\jimage.dll
Event: 0.113 Loaded shared library C:\Users\jadep\.jdks\openjdk-23\bin\awt.dll
Event: 1.302 Loaded shared library C:\Users\jadep\.jdks\openjdk-23\bin\sunmscapi.dll
Event: 2.204 Loaded shared library C:\Users\jadep\.jdks\openjdk-23\bin\javajpeg.dll
Event: 3.278 Loaded shared library C:\Users\jadep\.jdks\openjdk-23\bin\freetype.dll
Event: 3.279 Loaded shared library C:\Users\jadep\.jdks\openjdk-23\bin\fontmanager.dll
Event: 3.626 Loaded shared library C:\Windows\System32\ucrtbase.dll
Event: 3.627 Loaded shared library C:\Users\jadep\.jdks\openjdk-23\bin\syslookup.dll

Deoptimization events (20 events):
Event: 7.171 Thread 0x0000025447462700 Uncommon trap: trap_request=0xffffffde fr.pc=0x000002545fb8ee4c relative=0x00000000000002cc
Event: 7.171 Thread 0x0000025447462700 Uncommon trap: reason=class_check action=maybe_recompile pc=0x000002545fb8ee4c method=java.awt.Container.validate()V @ 35 c2
Event: 7.171 Thread 0x0000025447462700 DEOPT PACKING pc=0x000002545fb8ee4c sp=0x0000007eea0fee40
Event: 7.171 Thread 0x0000025447462700 DEOPT UNPACKING pc=0x000002545f304402 sp=0x0000007eea0fedd0 mode 2
Event: 292.994 Thread 0x0000025447462700 Uncommon trap: trap_request=0xffffff45 fr.pc=0x000002545fb0bb9c relative=0x00000000000000fc
Event: 292.994 Thread 0x0000025447462700 Uncommon trap: reason=unstable_if action=reinterpret pc=0x000002545fb0bb9c method=java.awt.Component.updateSelfGraphicsData(Ljava/awt/GraphicsConfiguration;)Z @ 25 c2
Event: 292.994 Thread 0x0000025447462700 DEOPT PACKING pc=0x000002545fb0bb9c sp=0x0000007eea0fedb0
Event: 292.994 Thread 0x0000025447462700 DEOPT UNPACKING pc=0x000002545f304402 sp=0x0000007eea0fed00 mode 2
Event: 292.995 Thread 0x0000025447462700 Uncommon trap: trap_request=0xffffff45 fr.pc=0x000002545fb0c464 relative=0x0000000000000204
Event: 292.995 Thread 0x0000025447462700 Uncommon trap: reason=unstable_if action=reinterpret pc=0x000002545fb0c464 method=java.awt.Component.updateSelfGraphicsData(Ljava/awt/GraphicsConfiguration;)Z @ 25 c2
Event: 292.995 Thread 0x0000025447462700 DEOPT PACKING pc=0x000002545fb0c464 sp=0x0000007eea0fed00
Event: 292.995 Thread 0x0000025447462700 DEOPT UNPACKING pc=0x000002545f304402 sp=0x0000007eea0febf8 mode 2
Event: 292.995 Thread 0x0000025447462700 Uncommon trap: trap_request=0xffffff45 fr.pc=0x000002545fb0bf60 relative=0x00000000000000c0
Event: 292.995 Thread 0x0000025447462700 Uncommon trap: reason=unstable_if action=reinterpret pc=0x000002545fb0bf60 method=java.awt.Component.updateSelfGraphicsData(Ljava/awt/GraphicsConfiguration;)Z @ 25 c2
Event: 292.995 Thread 0x0000025447462700 DEOPT PACKING pc=0x000002545fb0bf60 sp=0x0000007eea0feb30
Event: 292.995 Thread 0x0000025447462700 DEOPT UNPACKING pc=0x000002545f304402 sp=0x0000007eea0feae8 mode 2
Event: 293.238 Thread 0x0000025447462700 Uncommon trap: trap_request=0xffffff45 fr.pc=0x000002545fb973d8 relative=0x00000000000000b8
Event: 293.238 Thread 0x0000025447462700 Uncommon trap: reason=unstable_if action=reinterpret pc=0x000002545fb973d8 method=java.awt.font.FontRenderContext.equals(Ljava/awt/font/FontRenderContext;)Z @ 35 c2
Event: 293.238 Thread 0x0000025447462700 DEOPT PACKING pc=0x000002545fb973d8 sp=0x0000007eea0fcd60
Event: 293.238 Thread 0x0000025447462700 DEOPT UNPACKING pc=0x000002545f304402 sp=0x0000007eea0fcd08 mode 2

Classes loaded (20 events):
Event: 3.865 Loading class java/text/AttributedCharacterIterator done
Event: 3.865 Loading class java/text/AttributedString$AttributedStringIterator done
Event: 5.073 Loading class java/awt/LightweightDispatcher$2
Event: 5.073 Loading class java/awt/LightweightDispatcher$2 done
Event: 5.536 Loading class sun/awt/windows/WComponentPeer$1
Event: 5.536 Loading class sun/awt/windows/WComponentPeer$1 done
Event: 5.545 Loading class sun/java2d/opengl/OGLSurfaceData
Event: 5.545 Loading class sun/java2d/opengl/OGLSurfaceData done
Event: 5.563 Loading class javax/swing/JTable$5
Event: 5.563 Loading class javax/swing/JTable$5 done
Event: 235.739 Loading class java/net/SocketTimeoutException
Event: 235.740 Loading class java/io/InterruptedIOException
Event: 235.740 Loading class java/io/InterruptedIOException done
Event: 235.740 Loading class java/net/SocketTimeoutException done
Event: 292.815 Loading class java/util/WeakHashMap$KeyIterator
Event: 292.815 Loading class java/util/WeakHashMap$HashIterator
Event: 292.815 Loading class java/util/WeakHashMap$HashIterator done
Event: 292.815 Loading class java/util/WeakHashMap$KeyIterator done
Event: 292.819 Loading class javax/swing/RepaintManager$DisplayChangedRunnable
Event: 292.819 Loading class javax/swing/RepaintManager$DisplayChangedRunnable done

Classes unloaded (0 events):
No events

Classes redefined (0 events):
No events

Internal exceptions (20 events):
Event: 3.793 Thread 0x0000025447462700 Exception <a 'java/lang/NoSuchMethodError'{0x000000070e60ae70}: 'java.lang.Object java.lang.invoke.DirectMethodHandle$Holder.invokeSpecial(java.lang.Object, java.lang.Object, java.lang.Object, long, long)'> (0x000000070e60ae70) 
thrown [s\open\src\hotspot\share\interpreter\linkResolver.cpp, line 796]
Event: 3.798 Thread 0x0000025447462700 Exception <a 'java/lang/NoSuchMethodError'{0x000000070e629270}: 'int java.lang.invoke.DirectMethodHandle$Holder.invokeStatic(java.lang.Object, java.lang.Object, int, java.lang.Object)'> (0x000000070e629270) 
thrown [s\open\src\hotspot\share\interpreter\linkResolver.cpp, line 796]
Event: 3.798 Thread 0x0000025447462700 Exception <a 'java/lang/NoSuchMethodError'{0x000000070e62d088}: 'int java.lang.invoke.DirectMethodHandle$Holder.invokeSpecial(java.lang.Object, java.lang.Object, java.lang.Object, int, java.lang.Object)'> (0x000000070e62d088) 
thrown [s\open\src\hotspot\share\interpreter\linkResolver.cpp, line 796]
Event: 3.798 Thread 0x0000025447462700 Exception <a 'java/lang/NoSuchMethodError'{0x000000070e630848}: 'int java.lang.invoke.DelegatingMethodHandle$Holder.reinvoke_L(java.lang.Object, java.lang.Object, int, java.lang.Object)'> (0x000000070e630848) 
thrown [s\open\src\hotspot\share\interpreter\linkResolver.cpp, line 796]
Event: 3.801 Thread 0x0000025447462700 Exception <a 'java/lang/NoSuchMethodError'{0x000000070e649160}: 'int java.lang.invoke.DelegatingMethodHandle$Holder.reinvoke_L(java.lang.Object, java.lang.Object, int, long)'> (0x000000070e649160) 
thrown [s\open\src\hotspot\share\interpreter\linkResolver.cpp, line 796]
Event: 3.801 Thread 0x0000025447462700 Exception <a 'java/lang/NoSuchMethodError'{0x000000070e650098}: 'int java.lang.invoke.DirectMethodHandle$Holder.invokeSpecial(java.lang.Object, java.lang.Object, int, long)'> (0x000000070e650098) 
thrown [s\open\src\hotspot\share\interpreter\linkResolver.cpp, line 796]
Event: 3.801 Thread 0x0000025447462700 Exception <a 'java/lang/NoSuchMethodError'{0x000000070e653688}: 'int java.lang.invoke.Invokers$Holder.exactInvoker(java.lang.Object, java.lang.Object, int, long)'> (0x000000070e653688) 
thrown [s\open\src\hotspot\share\interpreter\linkResolver.cpp, line 796]
Event: 3.801 Thread 0x0000025447462700 Exception <a 'java/lang/NoSuchMethodError'{0x000000070e657210}: 'int java.lang.invoke.DelegatingMethodHandle$Holder.delegate(java.lang.Object, java.lang.Object, int, long)'> (0x000000070e657210) 
thrown [s\open\src\hotspot\share\interpreter\linkResolver.cpp, line 796]
Event: 3.806 Thread 0x0000025447462700 Exception <a 'java/lang/NoSuchMethodError'{0x000000070e677120}: 'void java.lang.invoke.DirectMethodHandle$Holder.invokeSpecial(java.lang.Object, java.lang.Object, float, java.lang.Object, java.lang.Object, java.lang.Object, int, int, int, int, int, float, float, int, int, java.lang.Object, java.lang.Object)'> (0x000000070e677120) 
thrown [s\open\src\hotspot\share\interpreter\linkResolver.cpp, line 796]
Event: 3.808 Thread 0x0000025447462700 Exception <a 'java/lang/NoSuchMethodError'{0x000000070e687120}: 'int java.lang.invoke.DirectMethodHandle$Holder.invokeSpecial(java.lang.Object, java.lang.Object, int, java.lang.Object)'> (0x000000070e687120) 
thrown [s\open\src\hotspot\share\interpreter\linkResolver.cpp, line 796]
Event: 3.808 Thread 0x0000025447462700 Exception <a 'java/lang/NoSuchMethodError'{0x000000070e68a750}: 'int java.lang.invoke.Invokers$Holder.invokeExact_MT(java.lang.Object, int, java.lang.Object, java.lang.Object)'> (0x000000070e68a750) 
thrown [s\open\src\hotspot\share\interpreter\linkResolver.cpp, line 796]
Event: 3.808 Thread 0x0000025447462700 Exception <a 'java/lang/NoSuchMethodError'{0x000000070e68e288}: 'java.lang.Object java.lang.invoke.Invokers$Holder.invokeExact_MT(java.lang.Object, long, java.lang.Object)'> (0x000000070e68e288) 
thrown [s\open\src\hotspot\share\interpreter\linkResolver.cpp, line 796]
Event: 3.811 Thread 0x0000025447462700 Exception <a 'java/lang/NoSuchMethodError'{0x000000070e6a2508}: 'java.lang.Object java.lang.invoke.DelegatingMethodHandle$Holder.reinvoke_L(java.lang.Object, long, long, long)'> (0x000000070e6a2508) 
thrown [s\open\src\hotspot\share\interpreter\linkResolver.cpp, line 796]
Event: 3.813 Thread 0x0000025447462700 Exception <a 'java/lang/NoSuchMethodError'{0x000000070e6b7d60}: 'java.lang.Object java.lang.invoke.DirectMethodHandle$Holder.invokeStatic(java.lang.Object, java.lang.Object, java.lang.Object, java.lang.Object, long, long)'> (0x000000070e6b7d60) 
thrown [s\open\src\hotspot\share\interpreter\linkResolver.cpp, line 796]
Event: 3.818 Thread 0x0000025447462700 Exception <a 'java/lang/NoSuchMethodError'{0x000000070e6e39c8}: 'void java.lang.invoke.DelegatingMethodHandle$Holder.reinvoke_L(java.lang.Object, java.lang.Object, java.lang.Object, long, long)'> (0x000000070e6e39c8) 
thrown [s\open\src\hotspot\share\interpreter\linkResolver.cpp, line 796]
Event: 3.820 Thread 0x0000025447462700 Exception <a 'java/lang/NoSuchMethodError'{0x000000070e6ef1d0}: 'void java.lang.invoke.DirectMethodHandle$Holder.invokeSpecial(java.lang.Object, java.lang.Object, java.lang.Object, long)'> (0x000000070e6ef1d0) 
thrown [s\open\src\hotspot\share\interpreter\linkResolver.cpp, line 796]
Event: 3.830 Thread 0x0000025447462700 Exception <a 'java/lang/NoSuchMethodError'{0x000000070e737b08}: 'void java.lang.invoke.DelegatingMethodHandle$Holder.reinvoke_L(java.lang.Object, java.lang.Object, java.lang.Object, long, int)'> (0x000000070e737b08) 
thrown [s\open\src\hotspot\share\interpreter\linkResolver.cpp, line 796]
Event: 3.833 Thread 0x0000025447462700 Exception <a 'java/lang/NoSuchMethodError'{0x000000070e74a4e0}: 'int java.lang.invoke.Invokers$Holder.invokeExact_MT(java.lang.Object, java.lang.Object, java.lang.Object, int, java.lang.Object, java.lang.Object)'> (0x000000070e74a4e0) 
thrown [s\open\src\hotspot\share\interpreter\linkResolver.cpp, line 796]
Event: 3.837 Thread 0x0000025447462700 Exception <a 'java/lang/NoSuchMethodError'{0x000000070e75dd88}: 'int java.lang.invoke.DelegatingMethodHandle$Holder.reinvoke_L(java.lang.Object, java.lang.Object, java.lang.Object, long)'> (0x000000070e75dd88) 
thrown [s\open\src\hotspot\share\interpreter\linkResolver.cpp, line 796]
Event: 3.839 Thread 0x0000025447462700 Exception <a 'java/lang/NoSuchMethodError'{0x000000070e77ee20}: 'java.lang.Object java.lang.invoke.DirectMethodHandle$Holder.invokeStatic(java.lang.Object, java.lang.Object, java.lang.Object, java.lang.Object, java.lang.Object, java.lang.Object, java.lang.Object, long)'> (0x000000070e77ee20) 
thrown [s\open\src\hotspot\share\interpreter\linkResolver.cpp, line 796]

VM Operations (20 events):
Event: 3.623 Executing VM operation: HandshakeAllThreads (Deoptimize)
Event: 3.623 Executing VM operation: HandshakeAllThreads (Deoptimize) done
Event: 3.784 Executing VM operation: HandshakeAllThreads (Deoptimize)
Event: 3.784 Executing VM operation: HandshakeAllThreads (Deoptimize) done
Event: 3.787 Executing VM operation: HandshakeAllThreads (Deoptimize)
Event: 3.787 Executing VM operation: HandshakeAllThreads (Deoptimize) done
Event: 6.088 Executing VM operation: G1TryInitiateConcMark (G1 Humongous Allocation)
Event: 6.093 Executing VM operation: G1TryInitiateConcMark (G1 Humongous Allocation) done
Event: 6.230 Executing VM operation: G1TryInitiateConcMark (G1 Humongous Allocation)
Event: 6.233 Executing VM operation: G1TryInitiateConcMark (G1 Humongous Allocation) done
Event: 234.327 Executing VM operation: HandshakeAllThreads (HandshakeForDeflation)
Event: 234.327 Executing VM operation: HandshakeAllThreads (HandshakeForDeflation) done
Event: 234.327 Executing VM operation: RendezvousGCThreads
Event: 234.327 Executing VM operation: RendezvousGCThreads done
Event: 292.815 Executing VM operation: G1TryInitiateConcMark (G1 Humongous Allocation)
Event: 292.817 Executing VM operation: G1TryInitiateConcMark (G1 Humongous Allocation) done
Event: 294.513 Executing VM operation: HandshakeAllThreads (HandshakeForDeflation)
Event: 294.513 Executing VM operation: HandshakeAllThreads (HandshakeForDeflation) done
Event: 294.513 Executing VM operation: RendezvousGCThreads
Event: 294.513 Executing VM operation: RendezvousGCThreads done

Memory protections (0 events):
No events

Nmethod flushes (0 events):
No events

Events (20 events):
Event: 2.839 Thread 0x0000025448724910 Thread exited: 0x0000025448724910
Event: 3.017 Thread 0x0000025445836890 Thread exited: 0x0000025445836890
Event: 3.534 Thread 0x000002544d314680 Thread exited: 0x000002544d314680
Event: 3.534 Thread 0x00000254474619e0 Thread added: 0x00000254474619e0
Event: 3.816 Thread 0x00000254451e8730 Thread added: 0x00000254480bfc90
Event: 4.424 Thread 0x00000254451e8730 Thread exited: 0x00000254451e8730
Event: 4.424 Thread 0x000002544508fac0 Thread exited: 0x000002544508fac0
Event: 4.424 Thread 0x00000254480bfc90 Thread exited: 0x00000254480bfc90
Event: 4.424 Thread 0x00000254451f05a0 Thread exited: 0x00000254451f05a0
Event: 4.424 Thread 0x00000254451e3c40 Thread exited: 0x00000254451e3c40
Event: 5.637 Thread 0x0000025445027100 Thread added: 0x00000254481b7680
Event: 6.067 Thread 0x00000254481b7680 Thread exited: 0x00000254481b7680
Event: 6.119 Thread 0x0000025445027100 Thread added: 0x0000025449472010
Event: 6.188 Thread 0x0000025449472010 Thread added: 0x00000254458c0430
Event: 6.188 Thread 0x0000025449472010 Thread added: 0x00000254481ef410
Event: 6.723 Thread 0x00000254481ef410 Thread exited: 0x00000254481ef410
Event: 7.009 Thread 0x00000254458c0430 Thread exited: 0x00000254458c0430
Event: 8.238 Thread 0x00000254455465f0 Thread exited: 0x00000254455465f0
Event: 234.334 Thread 0x0000025449472010 Thread exited: 0x0000025449472010
Event: 242.958 Thread 0x0000025447464140 Thread exited: 0x0000025447464140


Dynamic libraries:
0x00007ff692b10000 - 0x00007ff692b1e000 	C:\Users\jadep\.jdks\openjdk-23\bin\java.exe
0x00007fff3dd80000 - 0x00007fff3dfe6000 	C:\WINDOWS\SYSTEM32\ntdll.dll
0x00007fff3c7f0000 - 0x00007fff3c8b9000 	C:\WINDOWS\System32\KERNEL32.DLL
0x00007fff3b560000 - 0x00007fff3b92c000 	C:\WINDOWS\System32\KERNELBASE.dll
0x00007fff3af10000 - 0x00007fff3b05b000 	C:\WINDOWS\System32\ucrtbase.dll
0x00007fff35da0000 - 0x00007fff35db7000 	C:\Users\jadep\.jdks\openjdk-23\bin\jli.dll
0x00007fff32c20000 - 0x00007fff32c3b000 	C:\Users\jadep\.jdks\openjdk-23\bin\VCRUNTIME140.dll
0x00007fff3d3c0000 - 0x00007fff3d58a000 	C:\WINDOWS\System32\USER32.dll
0x00007fff3b060000 - 0x00007fff3b087000 	C:\WINDOWS\System32\win32u.dll
0x00007fff22cc0000 - 0x00007fff22f5a000 	C:\WINDOWS\WinSxS\amd64_microsoft.windows.common-controls_6595b64144ccf1df_6.0.26100.3912_none_3e07963ce335137e\COMCTL32.dll
0x00007fff3d340000 - 0x00007fff3d36b000 	C:\WINDOWS\System32\GDI32.dll
0x00007fff3b210000 - 0x00007fff3b342000 	C:\WINDOWS\System32\gdi32full.dll
0x00007fff3d590000 - 0x00007fff3d639000 	C:\WINDOWS\System32\msvcrt.dll
0x00007fff3ba90000 - 0x00007fff3bb33000 	C:\WINDOWS\System32\msvcp_win.dll
0x00007fff3c430000 - 0x00007fff3c460000 	C:\WINDOWS\System32\IMM32.DLL
0x00007fff336b0000 - 0x00007fff336bc000 	C:\Users\jadep\.jdks\openjdk-23\bin\vcruntime140_1.dll
0x00007fff27660000 - 0x00007fff276ee000 	C:\Users\jadep\.jdks\openjdk-23\bin\msvcp140.dll
0x00007ffece960000 - 0x00007ffecf6af000 	C:\Users\jadep\.jdks\openjdk-23\bin\server\jvm.dll
0x00007fff3c370000 - 0x00007fff3c422000 	C:\WINDOWS\System32\ADVAPI32.dll
0x00007fff3dc90000 - 0x00007fff3dd36000 	C:\WINDOWS\System32\sechost.dll
0x00007fff3c6c0000 - 0x00007fff3c7d6000 	C:\WINDOWS\System32\RPCRT4.dll
0x00007fff3d7f0000 - 0x00007fff3d864000 	C:\WINDOWS\System32\WS2_32.dll
0x00007fff3ad60000 - 0x00007fff3adbe000 	C:\WINDOWS\SYSTEM32\POWRPROF.dll
0x00007fff2fec0000 - 0x00007fff2fef6000 	C:\WINDOWS\SYSTEM32\WINMM.dll
0x00007fff2d580000 - 0x00007fff2d58b000 	C:\WINDOWS\SYSTEM32\VERSION.dll
0x00007fff3ad30000 - 0x00007fff3ad44000 	C:\WINDOWS\SYSTEM32\UMPDC.dll
0x00007fff39cd0000 - 0x00007fff39cea000 	C:\WINDOWS\SYSTEM32\kernel.appcore.dll
0x00007fff321b0000 - 0x00007fff321ba000 	C:\Users\jadep\.jdks\openjdk-23\bin\jimage.dll
0x00007fff38800000 - 0x00007fff38a41000 	C:\WINDOWS\SYSTEM32\DBGHELP.DLL
0x00007fff3d8f0000 - 0x00007fff3dc74000 	C:\WINDOWS\System32\combase.dll
0x00007fff3c8c0000 - 0x00007fff3c9a0000 	C:\WINDOWS\System32\OLEAUT32.dll
0x00007fff19890000 - 0x00007fff198c9000 	C:\WINDOWS\SYSTEM32\dbgcore.DLL
0x00007fff3b930000 - 0x00007fff3b9c9000 	C:\WINDOWS\System32\bcryptPrimitives.dll
0x00007fff32170000 - 0x00007fff3217f000 	C:\Users\jadep\.jdks\openjdk-23\bin\instrument.dll
0x00007fff32130000 - 0x00007fff3214e000 	C:\Users\jadep\.jdks\openjdk-23\bin\java.dll
0x00007fff3c470000 - 0x00007fff3c60f000 	C:\WINDOWS\System32\ole32.dll
0x00007fff3cc10000 - 0x00007fff3d33d000 	C:\WINDOWS\System32\SHELL32.dll
0x00007fff3b3e0000 - 0x00007fff3b554000 	C:\WINDOWS\System32\wintypes.dll
0x00007fff38a50000 - 0x00007fff392a6000 	C:\WINDOWS\SYSTEM32\windows.storage.dll
0x00007fff3bb70000 - 0x00007fff3bc5f000 	C:\WINDOWS\System32\SHCORE.dll
0x00007fff3c620000 - 0x00007fff3c689000 	C:\WINDOWS\System32\shlwapi.dll
0x00007fff3ae20000 - 0x00007fff3ae4f000 	C:\WINDOWS\SYSTEM32\profapi.dll
0x00007fff27580000 - 0x00007fff27657000 	C:\Users\jadep\.jdks\openjdk-23\bin\jsvml.dll
0x00007fff27520000 - 0x00007fff27537000 	C:\Users\jadep\.jdks\openjdk-23\bin\zip.dll
0x00007fff29320000 - 0x00007fff29330000 	C:\Users\jadep\.jdks\openjdk-23\bin\net.dll
0x00007fff3a240000 - 0x00007fff3a2aa000 	C:\WINDOWS\system32\mswsock.dll
0x00007fff29300000 - 0x00007fff29316000 	C:\Users\jadep\.jdks\openjdk-23\bin\nio.dll
0x00007fff274e0000 - 0x00007fff274fa000 	C:\Program Files\JetBrains\IntelliJ IDEA 2024.2.1\bin\breakgen64.dll
0x00007fff292f0000 - 0x00007fff292f9000 	C:\Users\jadep\.jdks\openjdk-23\bin\extnet.dll
0x00007ffedae90000 - 0x00007ffedb01d000 	C:\Users\jadep\.jdks\openjdk-23\bin\awt.dll
0x00007fff37b40000 - 0x00007fff37bde000 	C:\WINDOWS\SYSTEM32\apphelp.dll
0x00007fff380c0000 - 0x00007fff380f6000 	C:\WINDOWS\system32\DWMAPI.DLL
0x00007fff37d40000 - 0x00007fff37def000 	C:\WINDOWS\system32\uxtheme.dll
0x00007fff207f0000 - 0x00007fff208fc000 	C:\WINDOWS\system32\opengl32.dll
0x00007fff1fe30000 - 0x00007fff1fe5d000 	C:\WINDOWS\SYSTEM32\GLU32.dll
0x00007fff37f10000 - 0x00007fff37f57000 	C:\WINDOWS\SYSTEM32\dxcore.dll
0x00007fff3c200000 - 0x00007fff3c35f000 	C:\WINDOWS\System32\MSCTF.dll
0x00007fff39780000 - 0x00007fff398a7000 	C:\WINDOWS\SYSTEM32\DNSAPI.dll
0x00007fff396f0000 - 0x00007fff39723000 	C:\WINDOWS\SYSTEM32\IPHLPAPI.DLL
0x00007fff3c690000 - 0x00007fff3c69a000 	C:\WINDOWS\System32\NSI.dll
0x00007fff34560000 - 0x00007fff3456b000 	C:\Windows\System32\rasadhlp.dll
0x00007fff348d0000 - 0x00007fff34956000 	C:\WINDOWS\System32\fwpuclnt.dll
0x00007fff3a4e0000 - 0x00007fff3a4fc000 	C:\WINDOWS\SYSTEM32\CRYPTSP.dll
0x00007fff39c30000 - 0x00007fff39c6a000 	C:\WINDOWS\system32\rsaenh.dll
0x00007fff3a2e0000 - 0x00007fff3a30b000 	C:\WINDOWS\SYSTEM32\USERENV.dll
0x00007fff3adf0000 - 0x00007fff3ae16000 	C:\WINDOWS\SYSTEM32\bcrypt.dll
0x00007fff3a500000 - 0x00007fff3a50c000 	C:\WINDOWS\SYSTEM32\CRYPTBASE.dll
0x00007fff26980000 - 0x00007fff2698e000 	C:\Users\jadep\.jdks\openjdk-23\bin\sunmscapi.dll
0x00007fff3b090000 - 0x00007fff3b207000 	C:\WINDOWS\System32\CRYPT32.dll
0x00007fff3a6f0000 - 0x00007fff3a720000 	C:\WINDOWS\SYSTEM32\ncrypt.dll
0x00007fff3a6a0000 - 0x00007fff3a6df000 	C:\WINDOWS\SYSTEM32\NTASN1.dll
0x00007fff25b80000 - 0x00007fff25bae000 	C:\Users\jadep\.jdks\openjdk-23\bin\javajpeg.dll
0x00007ffedae00000 - 0x00007ffedae87000 	C:\Users\jadep\.jdks\openjdk-23\bin\freetype.dll
0x00007ffedad20000 - 0x00007ffedadf7000 	C:\Users\jadep\.jdks\openjdk-23\bin\fontmanager.dll
0x00007fff3d740000 - 0x00007fff3d7e8000 	C:\WINDOWS\System32\clbcatq.dll
0x00007fff36360000 - 0x00007fff3659a000 	C:\WINDOWS\SYSTEM32\WindowsCodecs.dll
0x00007fff06900000 - 0x00007fff0695a000 	C:\WINDOWS\system32\dataexchange.dll
0x00007fff27d10000 - 0x00007fff27f4c000 	C:\WINDOWS\system32\twinapi.appcore.dll
0x00007fff11520000 - 0x00007fff1166d000 	C:\WINDOWS\SYSTEM32\textinputframework.dll
0x00007fff206c0000 - 0x00007fff2073d000 	C:\WINDOWS\system32\Oleacc.dll
0x00007fff12b00000 - 0x00007fff12b5e000 	C:\WINDOWS\system32\ApplicationTargetedFeatureDatabase.dll
0x00007fff20180000 - 0x00007fff205b4000 	C:\WINDOWS\SYSTEM32\uiautomationcore.dll
0x00007fff07a80000 - 0x00007fff07a96000 	C:\Windows\System32\threadpoolwinrt.dll
0x00007fff267a0000 - 0x00007fff267a9000 	C:\Users\jadep\.jdks\openjdk-23\bin\syslookup.dll
0x00007fff378a0000 - 0x00007fff379c6000 	C:\WINDOWS\SYSTEM32\CoreMessaging.dll
0x00007fff32cc0000 - 0x00007fff32fa3000 	C:\WINDOWS\SYSTEM32\CoreUIComponents.dll

dbghelp: loaded successfully - version: 4.0.5 - missing functions: none
symbol engine: initialized successfully - sym options: 0x614 - pdb path: .;C:\Users\jadep\.jdks\openjdk-23\bin;C:\WINDOWS\SYSTEM32;C:\WINDOWS\WinSxS\amd64_microsoft.windows.common-controls_6595b64144ccf1df_6.0.26100.3912_none_3e07963ce335137e;C:\Users\jadep\.jdks\openjdk-23\bin\server;C:\Program Files\JetBrains\IntelliJ IDEA 2024.2.1\bin

VM Arguments:
jvm_args: -javaagent:C:\Program Files\JetBrains\IntelliJ IDEA 2024.2.1\lib\idea_rt.jar=59417:C:\Program Files\JetBrains\IntelliJ IDEA 2024.2.1\bin -Dfile.encoding=UTF-8 -Dsun.stdout.encoding=UTF-8 -Dsun.stderr.encoding=UTF-8 
java_command: Main
java_class_path (initial): C:\Users\jadep\IdeaProjects\projet-java-ing3-2025-ing3-java-2025-4-7\out\production\Projects files;C:\Users\jadep\IdeaProjects\projet-java-ing3-2025-ing3-java-2025-4-7\mysql-connector-j-9.2.0.jar
Launcher Type: SUN_STANDARD

[Global flags]
     intx CICompilerCount                          = 12                                        {product} {ergonomic}
     uint ConcGCThreads                            = 3                                         {product} {ergonomic}
     uint G1ConcRefinementThreads                  = 13                                        {product} {ergonomic}
   size_t G1HeapRegionSize                         = 2097152                                   {product} {ergonomic}
   size_t InitialHeapSize                          = 264241152                                 {product} {ergonomic}
   size_t MarkStackSize                            = 4194304                                   {product} {ergonomic}
   size_t MarkStackSizeMax                         = 536870912                                 {product} {ergonomic}
   size_t MaxHeapSize                              = 4198498304                                {product} {ergonomic}
   size_t MaxNewSize                               = 2518679552                                {product} {ergonomic}
   size_t MinHeapDeltaBytes                        = 2097152                                   {product} {ergonomic}
   size_t MinHeapSize                              = 8388608                                   {product} {ergonomic}
    uintx NonNMethodCodeHeapSize                   = 7602176                                {pd product} {ergonomic}
    uintx NonProfiledCodeHeapSize                  = 122093568                              {pd product} {ergonomic}
    uintx ProfiledCodeHeapSize                     = 121962496                              {pd product} {ergonomic}
    uintx ReservedCodeCacheSize                    = 251658240                              {pd product} {ergonomic}
     bool SegmentedCodeCache                       = true                                      {product} {ergonomic}
   size_t SoftMaxHeapSize                          = 4198498304                             {manageable} {ergonomic}
     bool UseCompressedOops                        = true                           {product lp64_product} {ergonomic}
     bool UseG1GC                                  = true                                      {product} {ergonomic}
     bool UseLargePagesIndividualAllocation        = false                                  {pd product} {ergonomic}

Logging:
Log output configuration:
 #0: stdout all=warning uptime,level,tags foldmultilines=false
 #1: stderr all=off uptime,level,tags foldmultilines=false

Environment Variables:
PATH=C:\Program Files\Common Files\Oracle\Java\javapath;C:\Program Files (x86)\Common Files\Oracle\Java\java8path;C:\Program Files (x86)\Common Files\Oracle\Java\javapath;C:\Program Files\Eclipse Adoptium\jdk-21.0.4.7-hotspot\bin;C:\Program Files (x86)\Common Files\Intel\Shared Libraries\redist\intel64\compiler;C:\WINDOWS\system32;C:\WINDOWS;C:\WINDOWS\System32\Wbem;C:\WINDOWS\System32\WindowsPowerShell\v1.0\;C:\WINDOWS\System32\OpenSSH\;C:\Program Files\Git\cmd;C:\Program Files (x86)\dotnet\;C:\Users\jadep\AppData\Local\Programs\Python\Python312\Scripts\;C:\Users\jadep\AppData\Local\Programs\Python\Python312\;C:\Users\jadep\AppData\Local\Microsoft\WindowsApps;;C:\intelFPGA\modelsim_ase\win32aloem;C:\Users\jadep\AppData\Local\Programs\Microsoft VS Code\bin;C:\Program Files\JetBrains\PyCharm 2024.2.1\bin;
USERNAME=jadep
OS=Windows_NT
PROCESSOR_IDENTIFIER=Intel64 Family 6 Model 154 Stepping 3, GenuineIntel
TMP=C:\Users\jadep\AppData\Local\Temp
TEMP=C:\Users\jadep\AppData\Local\Temp




Periodic native trim disabled

---------------  S Y S T E M  ---------------

OS:
 Windows 11 , 64 bit Build 26100 (10.0.26100.3912)
OS uptime: 1 days 1:49 hours
Hyper-V role detected

CPU: total 16 (initial active 16) (8 cores per cpu, 2 threads per core) family 6 model 154 stepping 3 microcode 0x421, cx8, cmov, fxsr, ht, mmx, 3dnowpref, sse, sse2, sse3, ssse3, sse4.1, sse4.2, popcnt, lzcnt, tsc, tscinvbit, avx, avx2, aes, erms, clmul, bmi1, bmi2, adx, sha, fma, vzeroupper, clflush, clflushopt, clwb, hv, serialize, rdtscp, rdpid, fsrm, gfni, f16c, cet_ibt, cet_ss
Processor Information for processor 0
  Max Mhz: 2100, Current Mhz: 2100, Mhz Limit: 2100
Processor Information for processor 1
  Max Mhz: 2100, Current Mhz: 2100, Mhz Limit: 2100
Processor Information for processor 2
  Max Mhz: 2100, Current Mhz: 2100, Mhz Limit: 2100
Processor Information for processor 3
  Max Mhz: 2100, Current Mhz: 2100, Mhz Limit: 2100
Processor Information for processor 4
  Max Mhz: 2100, Current Mhz: 2100, Mhz Limit: 2100
Processor Information for processor 5
  Max Mhz: 2100, Current Mhz: 2100, Mhz Limit: 2100
Processor Information for processor 6
  Max Mhz: 2100, Current Mhz: 2100, Mhz Limit: 2100
Processor Information for processor 7
  Max Mhz: 2100, Current Mhz: 2100, Mhz Limit: 2100
Processor Information for processor 8
  Max Mhz: 2100, Current Mhz: 1500, Mhz Limit: 1491
Processor Information for processor 9
  Max Mhz: 2100, Current Mhz: 1500, Mhz Limit: 1491
Processor Information for processor 10
  Max Mhz: 2100, Current Mhz: 1500, Mhz Limit: 1491
Processor Information for processor 11
  Max Mhz: 2100, Current Mhz: 1500, Mhz Limit: 1491
Processor Information for processor 12
  Max Mhz: 2100, Current Mhz: 1500, Mhz Limit: 1491
Processor Information for processor 13
  Max Mhz: 2100, Current Mhz: 1500, Mhz Limit: 1491
Processor Information for processor 14
  Max Mhz: 2100, Current Mhz: 1500, Mhz Limit: 1491
Processor Information for processor 15
  Max Mhz: 2100, Current Mhz: 1500, Mhz Limit: 1491

Memory: 4k page, system-wide physical 16008M (1890M free)
TotalPageFile size 30856M (AvailPageFile size 10364M)
current process WorkingSet (physical memory assigned to process): 203M, peak: 222M
current process commit charge ("private bytes"): 298M, peak: 417M

vm_info: OpenJDK 64-Bit Server VM (23+37-2369) for windows-amd64 JRE (23+37-2369), built on 2024-08-20T16:01:23Z with MS VC++ 17.6 (VS2022)

END.
